TN:
SF:src/App.jsx
FN:41,getStoredTheme
FN:52,setStoredTheme
FN:63,getStoredUser
FN:77,setStoredUser
FN:92,getInitialAppScreen
FN:102,App
FN:167,complete
FN:215,toggleTheme
FN:219,handleAuthSuccess
FN:620,persistGuestDining
FN:633,requestGenerateDining
FN:671,handleDiningToggleWant
FN:702,handleDiningToggleReminder
FN:776,handleTripSubmit
FN:803,handleExportStructuredItineraryPdf
FN:855,handleShareTrip
FN:889,handleDeleteSavedData
FN:930,handleSsePayload
FN:958,handleSubmit
FN:1131,handleClearConversation
FN:1160,handleExportItinerary
FN:1219,handleMultiDayPlan
FN:1234,handleItineraryFromHub
FN:1586,className
FN:1594,className
FN:1602,className
FN:1610,className
FN:1627,className
FN:1635,className
FN:1643,className
FN:1681,onClick
FN:1693,onClose
FN:1702,onClose
FN:1720,onUnlockPro
FN:1735,onRefresh
FN:1736,onRequestGenerate
FN:1749,onOpenAuth
FN:1783,onOpenAuth
FN:1785,onSkip
FN:1804,onOpenLightningLaneGuide
FN:1807,onOpenDining
FN:1808,onPlanTrip
FN:1809,onEditTrip
FN:1817,onEdit
FN:1826,onClick
FN:1842,onClick
FN:1937,onClick
FN:1947,onChange
FN:1960,onClick
FN:2098,onChange
FNF:50
FNH:20
FNDA:5,getStoredTheme
FNDA:5,setStoredTheme
FNDA:10,getStoredUser
FNDA:1,setStoredUser
FNDA:5,getInitialAppScreen
FNDA:53,App
FNDA:0,complete
FNDA:0,toggleTheme
FNDA:1,handleAuthSuccess
FNDA:0,persistGuestDining
FNDA:0,requestGenerateDining
FNDA:0,handleDiningToggleWant
FNDA:0,handleDiningToggleReminder
FNDA:0,handleTripSubmit
FNDA:0,handleExportStructuredItineraryPdf
FNDA:0,handleShareTrip
FNDA:0,handleDeleteSavedData
FNDA:2,handleSsePayload
FNDA:1,handleSubmit
FNDA:0,handleClearConversation
FNDA:0,handleExportItinerary
FNDA:0,handleMultiDayPlan
FNDA:0,handleItineraryFromHub
FNDA:4,className
FNDA:4,className
FNDA:4,className
FNDA:4,className
FNDA:49,className
FNDA:49,className
FNDA:49,className
FNDA:1,onClick
FNDA:1,onClose
FNDA:0,onClose
FNDA:0,onUnlockPro
FNDA:0,onRefresh
FNDA:0,onRequestGenerate
FNDA:0,onOpenAuth
FNDA:0,onOpenAuth
FNDA:4,onSkip
FNDA:0,onOpenLightningLaneGuide
FNDA:0,onOpenDining
FNDA:0,onPlanTrip
FNDA:0,onEditTrip
FNDA:0,onEdit
FNDA:0,onClick
FNDA:0,onClick
FNDA:0,onClick
FNDA:0,onChange
FNDA:0,onClick
FNDA:31,onChange
DA:1,1
DA:31,1
DA:32,1
DA:33,1
DA:34,1
DA:35,1
DA:36,1
DA:37,1
DA:38,1
DA:39,1
DA:41,5
DA:42,5
DA:43,5
DA:44,5
DA:45,5
DA:46,0
DA:47,5
DA:48,5
DA:49,5
DA:50,5
DA:52,5
DA:53,5
DA:54,5
DA:55,5
DA:56,5
DA:57,5
DA:58,1
DA:59,1
DA:60,5
DA:61,5
DA:63,10
DA:64,10
DA:65,10
DA:66,10
DA:67,10
DA:68,0
DA:69,10
DA:70,0
DA:71,10
DA:72,10
DA:73,10
DA:74,8
DA:75,8
DA:77,1
DA:78,1
DA:79,1
DA:80,1
DA:81,1
DA:82,1
DA:83,1
DA:84,1
DA:85,0
DA:86,1
DA:87,1
DA:88,1
DA:89,1
DA:92,5
DA:93,5
DA:94,5
DA:95,5
DA:96,0
DA:97,5
DA:98,5
DA:99,0
DA:100,0
DA:102,53
DA:103,53
DA:104,53
DA:105,53
DA:106,53
DA:107,53
DA:108,53
DA:109,53
DA:110,53
DA:111,53
DA:112,53
DA:113,53
DA:114,53
DA:115,53
DA:116,53
DA:117,53
DA:118,53
DA:119,53
DA:120,53
DA:121,53
DA:122,53
DA:123,53
DA:124,53
DA:125,53
DA:126,53
DA:127,53
DA:128,53
DA:129,53
DA:130,53
DA:131,53
DA:132,53
DA:133,53
DA:134,53
DA:135,53
DA:136,53
DA:137,53
DA:138,53
DA:139,53
DA:140,53
DA:141,53
DA:143,53
DA:144,53
DA:145,53
DA:146,53
DA:147,53
DA:148,53
DA:149,53
DA:150,53
DA:152,53
DA:153,5
DA:154,5
DA:155,53
DA:158,53
DA:159,6
DA:160,6
DA:161,0
DA:162,6
DA:163,0
DA:164,0
DA:166,0
DA:167,0
DA:168,0
DA:169,0
DA:170,0
DA:171,0
DA:172,0
DA:173,0
DA:174,0
DA:175,0
DA:176,0
DA:177,0
DA:178,0
DA:179,0
DA:180,0
DA:181,0
DA:182,0
DA:183,0
DA:184,0
DA:185,0
DA:186,0
DA:188,0
DA:189,0
DA:190,0
DA:191,0
DA:192,0
DA:193,0
DA:194,0
DA:195,0
DA:196,0
DA:197,0
DA:198,0
DA:199,0
DA:200,0
DA:201,0
DA:202,0
DA:203,0
DA:204,0
DA:205,0
DA:206,53
DA:208,53
DA:209,8
DA:210,8
DA:211,0
DA:212,0
DA:213,53
DA:215,53
DA:216,0
DA:217,0
DA:219,53
DA:220,1
DA:221,1
DA:222,1
DA:223,1
DA:224,1
DA:225,1
DA:226,1
DA:228,53
DA:229,0
DA:230,0
DA:231,0
DA:232,0
DA:233,0
DA:234,53
DA:236,53
DA:237,0
DA:238,0
DA:239,0
DA:240,0
DA:241,0
DA:242,53
DA:244,53
DA:245,0
DA:246,0
DA:247,0
DA:248,0
DA:249,0
DA:250,0
DA:251,0
DA:252,0
DA:253,0
DA:254,0
DA:255,0
DA:256,0
DA:257,0
DA:258,0
DA:259,0
DA:260,0
DA:261,0
DA:262,0
DA:263,0
DA:264,0
DA:265,0
DA:266,0
DA:267,0
DA:268,0
DA:269,0
DA:270,0
DA:271,0
DA:272,0
DA:273,0
DA:274,0
DA:275,0
DA:276,0
DA:277,0
DA:278,53
DA:280,53
DA:281,53
DA:282,0
DA:283,0
DA:284,0
DA:285,0
DA:286,0
DA:287,0
DA:288,0
DA:289,0
DA:290,0
DA:291,0
DA:292,0
DA:293,0
DA:294,0
DA:295,0
DA:296,0
DA:297,0
DA:298,0
DA:299,0
DA:300,0
DA:301,0
DA:302,0
DA:303,0
DA:304,0
DA:305,0
DA:306,0
DA:307,0
DA:308,0
DA:309,0
DA:310,0
DA:311,0
DA:312,0
DA:313,0
DA:314,0
DA:315,0
DA:316,0
DA:317,53
DA:318,53
DA:320,53
DA:321,0
DA:322,0
DA:323,53
DA:325,53
DA:326,0
DA:327,0
DA:328,0
DA:329,53
DA:331,53
DA:332,6
DA:333,1
DA:334,1
DA:335,1
DA:336,1
DA:337,6
DA:338,0
DA:339,0
DA:340,0
DA:341,1
DA:342,1
DA:343,6
DA:344,0
DA:345,0
DA:346,0
DA:347,0
DA:348,6
DA:349,0
DA:350,0
DA:351,0
DA:352,0
DA:353,0
DA:354,0
DA:355,0
DA:356,0
DA:357,6
DA:358,0
DA:359,0
DA:360,0
DA:361,0
DA:362,0
DA:363,0
DA:364,0
DA:365,0
DA:366,1
DA:367,1
DA:368,0
DA:369,0
DA:370,6
DA:371,0
DA:372,6
DA:373,0
DA:374,0
DA:375,6
DA:376,0
DA:377,0
DA:378,0
DA:379,0
DA:380,6
DA:382,0
DA:383,53
DA:386,53
DA:387,6
DA:388,5
DA:389,5
DA:390,6
DA:391,6
DA:393,4
DA:394,53
DA:397,53
DA:398,6
DA:399,5
DA:400,5
DA:401,6
DA:402,6
DA:404,4
DA:405,53
DA:407,53
DA:408,6
DA:409,53
DA:411,53
DA:412,0
DA:413,0
DA:414,0
DA:415,0
DA:416,0
DA:417,0
DA:418,0
DA:419,0
DA:420,0
DA:421,0
DA:422,0
DA:423,0
DA:424,0
DA:425,0
DA:426,0
DA:427,0
DA:428,0
DA:429,0
DA:430,0
DA:431,0
DA:432,0
DA:433,0
DA:435,0
DA:436,53
DA:438,53
DA:439,5
DA:440,5
DA:441,5
DA:442,53
DA:444,53
DA:445,10
DA:446,0
DA:447,0
DA:448,0
DA:449,53
DA:451,53
DA:452,4
DA:453,4
DA:454,4
DA:455,4
DA:456,4
DA:457,4
DA:458,0
DA:459,0
DA:460,0
DA:461,0
DA:462,0
DA:463,0
DA:464,0
DA:465,0
DA:466,0
DA:467,0
DA:468,2
DA:469,1
DA:470,4
DA:471,3
DA:472,4
DA:473,4
DA:474,4
DA:475,53
DA:477,53
DA:478,9
DA:479,4
DA:480,4
DA:481,53
DA:483,53
DA:484,53
DA:485,0
DA:486,0
DA:487,0
DA:488,0
DA:489,0
DA:490,0
DA:491,0
DA:492,0
DA:493,0
DA:494,0
DA:495,0
DA:496,0
DA:497,0
DA:498,0
DA:499,0
DA:501,0
DA:502,0
DA:503,0
DA:504,0
DA:505,0
DA:506,0
DA:507,0
DA:508,0
DA:509,0
DA:510,0
DA:511,0
DA:512,0
DA:513,0
DA:514,0
DA:515,0
DA:516,0
DA:517,0
DA:518,0
DA:519,0
DA:520,0
DA:521,0
DA:522,0
DA:523,0
DA:524,0
DA:525,0
DA:526,0
DA:527,0
DA:528,0
DA:529,0
DA:530,0
DA:531,0
DA:532,0
DA:533,0
DA:534,0
DA:535,0
DA:536,0
DA:537,0
DA:538,0
DA:539,0
DA:540,53
DA:541,53
DA:543,53
DA:544,53
DA:545,0
DA:546,0
DA:547,0
DA:548,0
DA:549,0
DA:550,0
DA:551,0
DA:552,0
DA:553,0
DA:554,0
DA:555,0
DA:556,0
DA:557,0
DA:558,0
DA:559,0
DA:560,0
DA:561,0
DA:562,0
DA:563,0
DA:564,0
DA:565,0
DA:566,0
DA:567,0
DA:568,0
DA:569,0
DA:570,0
DA:571,0
DA:572,0
DA:573,0
DA:574,0
DA:575,0
DA:576,0
DA:577,0
DA:578,0
DA:579,0
DA:580,0
DA:581,0
DA:582,0
DA:583,0
DA:584,53
DA:585,53
DA:587,53
DA:588,0
DA:589,0
DA:590,0
DA:591,0
DA:592,0
DA:593,0
DA:594,0
DA:595,0
DA:596,0
DA:597,0
DA:598,0
DA:599,0
DA:600,0
DA:601,0
DA:602,0
DA:603,0
DA:604,0
DA:605,0
DA:606,0
DA:607,0
DA:608,0
DA:609,0
DA:610,0
DA:611,0
DA:612,0
DA:613,0
DA:614,0
DA:615,0
DA:616,0
DA:617,0
DA:618,53
DA:620,53
DA:621,0
DA:622,0
DA:623,0
DA:624,0
DA:625,0
DA:626,0
DA:627,0
DA:628,0
DA:629,0
DA:630,0
DA:631,0
DA:633,53
DA:634,0
DA:635,0
DA:636,0
DA:637,0
DA:638,0
DA:639,0
DA:640,0
DA:641,0
DA:642,0
DA:643,0
DA:644,0
DA:645,0
DA:646,0
DA:647,0
DA:648,0
DA:649,0
DA:650,0
DA:651,0
DA:652,0
DA:653,0
DA:654,0
DA:655,0
DA:656,0
DA:657,0
DA:658,0
DA:659,0
DA:660,0
DA:661,0
DA:662,0
DA:663,0
DA:664,0
DA:665,0
DA:666,0
DA:667,0
DA:668,0
DA:669,0
DA:671,53
DA:672,0
DA:673,0
DA:674,0
DA:675,0
DA:676,0
DA:677,0
DA:678,0
DA:679,0
DA:680,0
DA:681,0
DA:682,0
DA:683,0
DA:684,0
DA:685,0
DA:686,0
DA:687,0
DA:688,0
DA:689,0
DA:690,0
DA:691,0
DA:692,0
DA:693,0
DA:694,0
DA:695,0
DA:696,0
DA:697,0
DA:698,0
DA:699,0
DA:700,0
DA:702,53
DA:703,0
DA:704,0
DA:705,0
DA:706,0
DA:707,0
DA:708,0
DA:709,0
DA:710,0
DA:711,0
DA:712,0
DA:713,0
DA:714,0
DA:715,0
DA:716,0
DA:717,0
DA:718,0
DA:719,0
DA:720,0
DA:721,0
DA:722,0
DA:723,0
DA:724,0
DA:725,0
DA:726,0
DA:727,0
DA:728,0
DA:729,0
DA:730,0
DA:731,0
DA:733,53
DA:734,6
DA:735,5
DA:736,5
DA:737,6
DA:738,0
DA:739,0
DA:740,0
DA:741,0
DA:742,0
DA:743,6
DA:745,4
DA:746,53
DA:748,53
DA:749,6
DA:750,0
DA:751,53
DA:753,53
DA:754,5
DA:755,53
DA:757,53
DA:758,6
DA:759,6
DA:760,6
DA:761,6
DA:762,6
DA:763,0
DA:764,0
DA:765,0
DA:766,0
DA:767,0
DA:768,53
DA:769,53
DA:770,53
DA:771,53
DA:772,53
DA:773,53
DA:774,53
DA:776,53
DA:777,0
DA:778,0
DA:779,0
DA:780,0
DA:781,0
DA:782,0
DA:783,0
DA:784,0
DA:785,0
DA:786,0
DA:787,0
DA:788,0
DA:789,0
DA:790,0
DA:791,0
DA:792,0
DA:793,0
DA:794,0
DA:795,0
DA:796,0
DA:797,0
DA:798,0
DA:799,0
DA:800,0
DA:801,0
DA:803,53
DA:804,0
DA:805,0
DA:806,0
DA:807,0
DA:808,0
DA:809,0
DA:810,0
DA:811,0
DA:812,0
DA:813,0
DA:814,0
DA:815,0
DA:816,0
DA:817,0
DA:818,0
DA:819,0
DA:820,0
DA:821,0
DA:822,0
DA:823,0
DA:824,0
DA:825,0
DA:826,0
DA:827,0
DA:828,0
DA:829,0
DA:830,0
DA:831,0
DA:832,0
DA:833,0
DA:834,0
DA:835,0
DA:836,0
DA:837,0
DA:838,0
DA:839,0
DA:840,0
DA:841,0
DA:842,0
DA:843,0
DA:844,0
DA:845,0
DA:846,0
DA:847,0
DA:848,0
DA:849,0
DA:850,0
DA:851,0
DA:852,0
DA:853,0
DA:855,53
DA:856,0
DA:857,0
DA:858,0
DA:859,0
DA:860,0
DA:861,0
DA:862,0
DA:863,0
DA:864,0
DA:865,0
DA:866,0
DA:867,0
DA:868,0
DA:869,0
DA:870,0
DA:871,0
DA:872,0
DA:873,0
DA:874,0
DA:875,0
DA:876,0
DA:877,0
DA:878,0
DA:879,0
DA:880,0
DA:881,0
DA:882,0
DA:883,0
DA:884,0
DA:885,0
DA:886,0
DA:887,0
DA:889,53
DA:890,0
DA:891,0
DA:892,0
DA:893,0
DA:894,0
DA:895,0
DA:896,0
DA:897,0
DA:898,0
DA:899,0
DA:900,0
DA:901,0
DA:902,0
DA:903,0
DA:904,0
DA:905,0
DA:906,0
DA:907,0
DA:908,0
DA:909,0
DA:910,0
DA:911,0
DA:912,0
DA:913,0
DA:914,0
DA:915,0
DA:916,0
DA:917,0
DA:918,0
DA:919,0
DA:920,0
DA:921,0
DA:922,0
DA:923,0
DA:924,0
DA:925,0
DA:926,0
DA:927,0
DA:930,53
DA:931,2
DA:932,2
DA:933,1
DA:934,1
DA:935,2
DA:936,1
DA:937,1
DA:938,1
DA:939,1
DA:940,1
DA:941,0
DA:942,0
DA:943,0
DA:944,0
DA:945,0
DA:946,0
DA:947,0
DA:948,0
DA:949,0
DA:950,0
DA:951,0
DA:952,0
DA:953,0
DA:954,0
DA:956,2
DA:958,53
DA:959,1
DA:960,1
DA:961,1
DA:962,1
DA:963,1
DA:964,1
DA:965,1
DA:966,1
DA:967,1
DA:968,1
DA:969,1
DA:970,1
DA:971,1
DA:972,1
DA:973,1
DA:974,1
DA:975,1
DA:976,1
DA:977,1
DA:978,1
DA:979,1
DA:980,1
DA:981,1
DA:982,1
DA:983,0
DA:984,0
DA:985,1
DA:986,0
DA:987,0
DA:988,1
DA:989,1
DA:990,1
DA:991,1
DA:992,1
DA:993,1
DA:994,1
DA:995,1
DA:996,0
DA:997,0
DA:998,0
DA:999,0
DA:1000,0
DA:1001,0
DA:1002,0
DA:1003,0
DA:1004,0
DA:1005,0
DA:1006,0
DA:1007,0
DA:1008,0
DA:1009,0
DA:1010,1
DA:1011,0
DA:1012,0
DA:1013,0
DA:1014,0
DA:1015,0
DA:1016,0
DA:1017,0
DA:1018,0
DA:1019,0
DA:1020,0
DA:1021,0
DA:1022,0
DA:1023,0
DA:1024,0
DA:1025,0
DA:1026,0
DA:1027,0
DA:1028,0
DA:1029,0
DA:1030,0
DA:1031,0
DA:1032,0
DA:1033,0
DA:1034,0
DA:1035,0
DA:1036,0
DA:1037,0
DA:1038,1
DA:1039,0
DA:1040,0
DA:1041,0
DA:1042,0
DA:1043,0
DA:1044,0
DA:1045,0
DA:1046,0
DA:1047,0
DA:1048,0
DA:1049,1
DA:1050,1
DA:1051,0
DA:1052,0
DA:1053,1
DA:1054,1
DA:1055,1
DA:1056,1
DA:1057,2
DA:1058,2
DA:1059,1
DA:1060,1
DA:1061,2
DA:1062,2
DA:1063,2
DA:1064,2
DA:1065,2
DA:1066,2
DA:1067,2
DA:1068,2
DA:1069,2
DA:1070,2
DA:1071,2
DA:1072,2
DA:1073,2
DA:1075,0
DA:1076,2
DA:1077,2
DA:1078,2
DA:1079,1
DA:1080,1
DA:1081,0
DA:1082,0
DA:1083,0
DA:1084,0
DA:1085,0
DA:1086,0
DA:1087,0
DA:1088,0
DA:1089,0
DA:1090,0
DA:1091,0
DA:1093,0
DA:1094,0
DA:1095,0
DA:1096,0
DA:1097,1
DA:1098,1
DA:1099,2
DA:1100,1
DA:1101,0
DA:1102,0
DA:1103,0
DA:1104,0
DA:1105,0
DA:1106,0
DA:1107,0
DA:1108,0
DA:1109,0
DA:1110,0
DA:1111,0
DA:1112,1
DA:1113,0
DA:1114,0
DA:1115,0
DA:1116,0
DA:1117,0
DA:1118,0
DA:1119,0
DA:1120,0
DA:1121,0
DA:1122,0
DA:1123,0
DA:1124,0
DA:1125,0
DA:1126,1
DA:1127,1
DA:1128,1
DA:1129,1
DA:1131,53
DA:1132,0
DA:1133,0
DA:1134,0
DA:1135,0
DA:1136,0
DA:1137,0
DA:1138,0
DA:1139,0
DA:1140,0
DA:1141,0
DA:1142,0
DA:1143,0
DA:1144,0
DA:1145,0
DA:1146,0
DA:1147,0
DA:1148,0
DA:1149,0
DA:1150,0
DA:1151,0
DA:1152,0
DA:1153,0
DA:1154,0
DA:1155,0
DA:1156,0
DA:1157,0
DA:1158,0
DA:1160,53
DA:1161,0
DA:1162,0
DA:1163,0
DA:1164,0
DA:1165,0
DA:1166,0
DA:1167,0
DA:1168,0
DA:1169,0
DA:1170,0
DA:1171,0
DA:1172,0
DA:1173,0
DA:1174,0
DA:1175,0
DA:1176,0
DA:1177,0
DA:1178,0
DA:1179,0
DA:1180,0
DA:1181,0
DA:1182,0
DA:1183,0
DA:1184,0
DA:1185,0
DA:1186,0
DA:1187,0
DA:1188,0
DA:1189,0
DA:1190,0
DA:1191,0
DA:1192,0
DA:1193,0
DA:1194,0
DA:1195,0
DA:1196,0
DA:1197,0
DA:1198,0
DA:1199,0
DA:1200,0
DA:1201,0
DA:1202,0
DA:1203,0
DA:1204,0
DA:1205,0
DA:1206,0
DA:1207,0
DA:1208,0
DA:1209,0
DA:1210,0
DA:1211,0
DA:1212,0
DA:1213,0
DA:1214,0
DA:1215,0
DA:1216,0
DA:1217,0
DA:1219,53
DA:1220,0
DA:1221,0
DA:1222,0
DA:1223,0
DA:1224,0
DA:1225,0
DA:1226,0
DA:1227,0
DA:1228,0
DA:1229,0
DA:1230,0
DA:1231,0
DA:1232,0
DA:1234,53
DA:1235,0
DA:1236,0
DA:1238,53
DA:1240,53
DA:1241,53
DA:1242,53
DA:1243,53
DA:1244,53
DA:1245,53
DA:1246,53
DA:1247,53
DA:1250,53
DA:1251,53
DA:1252,53
DA:1253,53
DA:1254,53
DA:1255,53
DA:1256,53
DA:1257,53
DA:1258,53
DA:1259,53
DA:1260,53
DA:1261,53
DA:1262,53
DA:1263,53
DA:1264,53
DA:1265,53
DA:1266,53
DA:1267,53
DA:1268,53
DA:1269,53
DA:1270,53
DA:1271,53
DA:1272,53
DA:1273,53
DA:1274,53
DA:1275,53
DA:1276,53
DA:1277,53
DA:1278,53
DA:1279,53
DA:1280,53
DA:1281,53
DA:1282,53
DA:1283,53
DA:1284,53
DA:1285,53
DA:1286,53
DA:1288,53
DA:1289,53
DA:1290,53
DA:1291,53
DA:1292,53
DA:1293,53
DA:1294,53
DA:1295,53
DA:1296,53
DA:1297,53
DA:1298,53
DA:1299,53
DA:1300,53
DA:1301,53
DA:1302,53
DA:1303,53
DA:1304,53
DA:1305,53
DA:1306,53
DA:1307,53
DA:1308,53
DA:1309,53
DA:1310,53
DA:1311,53
DA:1312,53
DA:1313,53
DA:1314,53
DA:1315,53
DA:1316,53
DA:1317,53
DA:1318,53
DA:1319,53
DA:1320,53
DA:1321,53
DA:1322,53
DA:1323,53
DA:1324,53
DA:1325,53
DA:1327,53
DA:1328,53
DA:1329,53
DA:1330,53
DA:1331,53
DA:1332,53
DA:1333,53
DA:1334,53
DA:1335,53
DA:1336,53
DA:1337,53
DA:1338,53
DA:1339,53
DA:1340,53
DA:1341,53
DA:1342,53
DA:1343,53
DA:1344,53
DA:1345,53
DA:1346,53
DA:1347,53
DA:1348,53
DA:1349,53
DA:1350,53
DA:1351,53
DA:1352,53
DA:1353,53
DA:1354,53
DA:1355,53
DA:1356,53
DA:1357,53
DA:1358,53
DA:1359,53
DA:1360,53
DA:1361,53
DA:1362,53
DA:1363,53
DA:1364,53
DA:1366,53
DA:1367,53
DA:1368,53
DA:1369,53
DA:1370,53
DA:1371,53
DA:1372,53
DA:1373,53
DA:1374,53
DA:1375,53
DA:1376,53
DA:1377,53
DA:1378,53
DA:1379,53
DA:1380,53
DA:1381,53
DA:1382,53
DA:1383,53
DA:1384,53
DA:1385,53
DA:1386,53
DA:1387,53
DA:1388,53
DA:1389,53
DA:1390,53
DA:1391,53
DA:1392,53
DA:1393,53
DA:1394,53
DA:1395,53
DA:1396,53
DA:1398,53
DA:1399,53
DA:1400,53
DA:1401,53
DA:1402,53
DA:1403,53
DA:1404,53
DA:1405,53
DA:1406,53
DA:1407,53
DA:1408,53
DA:1409,53
DA:1410,53
DA:1411,53
DA:1412,53
DA:1413,53
DA:1414,53
DA:1415,53
DA:1416,53
DA:1417,53
DA:1418,53
DA:1419,53
DA:1420,53
DA:1421,53
DA:1422,53
DA:1423,53
DA:1424,53
DA:1425,53
DA:1426,53
DA:1427,53
DA:1428,53
DA:1429,53
DA:1430,53
DA:1431,53
DA:1432,53
DA:1433,53
DA:1434,53
DA:1435,53
DA:1437,53
DA:1438,53
DA:1439,53
DA:1440,53
DA:1441,53
DA:1442,53
DA:1443,53
DA:1444,53
DA:1445,53
DA:1446,53
DA:1447,53
DA:1448,53
DA:1449,53
DA:1450,53
DA:1451,53
DA:1452,53
DA:1453,53
DA:1454,53
DA:1455,53
DA:1456,53
DA:1457,53
DA:1458,53
DA:1459,53
DA:1460,53
DA:1461,53
DA:1462,53
DA:1463,53
DA:1464,53
DA:1465,53
DA:1466,53
DA:1467,53
DA:1468,53
DA:1469,53
DA:1472,53
DA:1473,0
DA:1474,0
DA:1475,0
DA:1476,0
DA:1477,0
DA:1479,0
DA:1481,0
DA:1482,0
DA:1483,0
DA:1484,0
DA:1485,0
DA:1486,0
DA:1487,0
DA:1488,0
DA:1489,0
DA:1490,0
DA:1491,0
DA:1492,0
DA:1493,0
DA:1494,0
DA:1495,0
DA:1496,0
DA:1497,0
DA:1498,0
DA:1499,0
DA:1500,0
DA:1501,0
DA:1502,0
DA:1503,0
DA:1504,0
DA:1505,0
DA:1506,0
DA:1507,0
DA:1508,0
DA:1509,0
DA:1510,0
DA:1511,0
DA:1512,0
DA:1513,0
DA:1514,0
DA:1515,0
DA:1516,0
DA:1517,0
DA:1518,0
DA:1519,0
DA:1520,0
DA:1521,0
DA:1522,0
DA:1523,0
DA:1524,0
DA:1525,0
DA:1526,0
DA:1527,0
DA:1528,0
DA:1529,0
DA:1530,0
DA:1531,0
DA:1532,0
DA:1533,0
DA:1534,0
DA:1535,0
DA:1536,0
DA:1537,0
DA:1538,0
DA:1540,0
DA:1541,0
DA:1543,0
DA:1544,0
DA:1545,0
DA:1548,53
DA:1549,53
DA:1550,53
DA:1551,53
DA:1552,53
DA:1553,53
DA:1554,53
DA:1555,53
DA:1556,53
DA:1557,53
DA:1558,53
DA:1559,53
DA:1560,53
DA:1561,4
DA:1562,4
DA:1563,4
DA:1564,4
DA:1565,4
DA:1566,4
DA:1567,0
DA:1568,4
DA:1569,4
DA:1570,4
DA:1572,4
DA:1573,4
DA:1574,4
DA:1575,4
DA:1576,4
DA:1577,0
DA:1578,4
DA:1579,4
DA:1580,4
DA:1581,4
DA:1583,4
DA:1584,4
DA:1585,4
DA:1586,4
DA:1587,4
DA:1589,4
DA:1591,4
DA:1592,4
DA:1593,4
DA:1594,4
DA:1595,4
DA:1597,4
DA:1599,4
DA:1600,4
DA:1601,4
DA:1602,4
DA:1603,4
DA:1605,4
DA:1607,4
DA:1608,4
DA:1609,4
DA:1610,4
DA:1611,4
DA:1613,4
DA:1615,4
DA:1616,4
DA:1618,49
DA:1619,49
DA:1620,49
DA:1621,49
DA:1622,49
DA:1624,49
DA:1625,49
DA:1626,49
DA:1627,49
DA:1628,49
DA:1630,49
DA:1632,49
DA:1633,49
DA:1634,49
DA:1635,49
DA:1636,49
DA:1638,49
DA:1640,49
DA:1641,49
DA:1642,49
DA:1643,49
DA:1644,49
DA:1646,49
DA:1648,49
DA:1649,49
DA:1651,53
DA:1652,53
DA:1653,53
DA:1654,53
DA:1655,53
DA:1656,53
DA:1657,53
DA:1658,53
DA:1659,0
DA:1660,53
DA:1662,53
DA:1664,53
DA:1665,53
DA:1666,53
DA:1667,4
DA:1668,4
DA:1669,4
DA:1670,4
DA:1671,4
DA:1672,4
DA:1673,4
DA:1675,4
DA:1676,4
DA:1678,49
DA:1679,49
DA:1680,49
DA:1681,49
DA:1682,49
DA:1684,49
DA:1686,53
DA:1687,53
DA:1688,53
DA:1689,53
DA:1691,53
DA:1692,1
DA:1693,1
DA:1694,1
DA:1695,1
DA:1698,53
DA:1699,0
DA:1700,0
DA:1701,0
DA:1702,0
DA:1703,0
DA:1706,53
DA:1707,53
DA:1708,53
DA:1709,53
DA:1710,53
DA:1711,53
DA:1712,53
DA:1713,53
DA:1714,53
DA:1715,53
DA:1716,53
DA:1717,53
DA:1718,53
DA:1719,53
DA:1720,53
DA:1721,0
DA:1722,0
DA:1723,0
DA:1724,53
DA:1726,53
DA:1727,53
DA:1728,53
DA:1729,53
DA:1730,53
DA:1731,53
DA:1732,53
DA:1733,53
DA:1734,53
DA:1735,53
DA:1736,53
DA:1737,0
DA:1739,53
DA:1741,53
DA:1742,53
DA:1743,53
DA:1744,53
DA:1745,53
DA:1746,53
DA:1747,53
DA:1748,53
DA:1749,53
DA:1750,53
DA:1752,53
DA:1753,53
DA:1754,53
DA:1755,53
DA:1756,53
DA:1757,53
DA:1758,53
DA:1759,53
DA:1760,53
DA:1761,53
DA:1762,53
DA:1763,53
DA:1764,53
DA:1765,53
DA:1766,53
DA:1767,53
DA:1768,53
DA:1769,53
DA:1770,53
DA:1771,53
DA:1773,53
DA:1774,53
DA:1775,53
DA:1776,53
DA:1777,53
DA:1778,53
DA:1779,7
DA:1780,7
DA:1781,7
DA:1782,7
DA:1783,7
DA:1784,7
DA:1785,7
DA:1786,7
DA:1789,53
DA:1790,3
DA:1791,3
DA:1792,3
DA:1793,3
DA:1794,3
DA:1795,3
DA:1796,3
DA:1797,3
DA:1798,3
DA:1799,3
DA:1800,3
DA:1801,3
DA:1802,3
DA:1803,3
DA:1804,3
DA:1805,0
DA:1807,3
DA:1808,3
DA:1809,3
DA:1810,3
DA:1811,3
DA:1814,53
DA:1815,0
DA:1816,0
DA:1817,0
DA:1818,0
DA:1821,53
DA:1822,43
DA:1823,43
DA:1824,43
DA:1825,43
DA:1826,43
DA:1827,43
DA:1829,43
DA:1831,43
DA:1832,43
DA:1833,43
DA:1834,43
DA:1835,43
DA:1836,43
DA:1837,0
DA:1838,0
DA:1839,0
DA:1840,0
DA:1841,0
DA:1842,0
DA:1843,0
DA:1845,0
DA:1846,0
DA:1847,0
DA:1848,0
DA:1850,0
DA:1852,0
DA:1853,0
DA:1854,0
DA:1855,0
DA:1856,0
DA:1857,0
DA:1859,0
DA:1860,0
DA:1861,0
DA:1862,0
DA:1863,0
DA:1865,0
DA:1866,0
DA:1868,0
DA:1870,0
DA:1871,0
DA:1872,0
DA:1873,0
DA:1874,0
DA:1875,0
DA:1876,0
DA:1877,0
DA:1878,0
DA:1879,0
DA:1880,0
DA:1881,0
DA:1882,0
DA:1883,0
DA:1884,0
DA:1885,0
DA:1886,0
DA:1887,0
DA:1888,0
DA:1889,0
DA:1890,0
DA:1891,0
DA:1892,0
DA:1893,0
DA:1894,0
DA:1895,0
DA:1896,0
DA:1898,0
DA:1900,0
DA:1902,43
DA:1905,53
DA:1906,0
DA:1907,0
DA:1908,0
DA:1909,0
DA:1911,0
DA:1912,0
DA:1913,0
DA:1914,0
DA:1917,0
DA:1918,0
DA:1919,0
DA:1920,0
DA:1921,0
DA:1922,0
DA:1924,0
DA:1925,0
DA:1930,0
DA:1931,0
DA:1932,0
DA:1933,0
DA:1934,0
DA:1935,0
DA:1936,0
DA:1937,0
DA:1938,0
DA:1940,0
DA:1942,0
DA:1943,0
DA:1944,0
DA:1945,0
DA:1946,0
DA:1947,0
DA:1948,0
DA:1950,0
DA:1951,0
DA:1954,0
DA:1955,0
DA:1956,0
DA:1957,0
DA:1958,0
DA:1959,0
DA:1960,0
DA:1961,0
DA:1962,0
DA:1963,0
DA:1964,0
DA:1966,0
DA:1967,0
DA:1968,0
DA:1969,0
DA:1970,0
DA:1971,0
DA:1973,0
DA:1974,0
DA:1975,0
DA:1976,0
DA:1978,0
DA:1981,53
DA:1982,49
DA:1983,49
DA:1984,40
DA:1985,40
DA:1986,40
DA:1987,40
DA:1988,40
DA:1989,40
DA:1991,40
DA:1992,40
DA:1995,40
DA:1996,40
DA:1998,49
DA:1999,6
DA:2000,6
DA:2003,6
DA:2004,6
DA:2006,49
DA:2007,6
DA:2008,3
DA:2009,3
DA:2010,3
DA:2012,3
DA:2013,3
DA:2014,3
DA:2016,3
DA:2018,3
DA:2019,3
DA:2020,3
DA:2021,3
DA:2022,3
DA:2023,3
DA:2025,3
DA:2026,3
DA:2027,3
DA:2029,3
DA:2030,3
DA:2031,3
DA:2032,3
DA:2033,3
DA:2034,3
DA:2036,3
DA:2038,3
DA:2039,3
DA:2040,3
DA:2041,3
DA:2042,3
DA:2043,3
DA:2045,49
DA:2046,49
DA:2047,49
DA:2050,53
DA:2051,3
DA:2052,3
DA:2053,3
DA:2054,3
DA:2055,3
DA:2056,3
DA:2057,3
DA:2059,3
DA:2060,3
DA:2061,3
DA:2062,3
DA:2063,3
DA:2064,3
DA:2066,3
DA:2067,3
DA:2068,3
DA:2069,0
DA:2070,0
DA:2071,0
DA:2072,0
DA:2073,0
DA:2075,0
DA:2076,0
DA:2078,3
DA:2079,0
DA:2080,0
DA:2081,0
DA:2083,3
DA:2086,53
DA:2087,43
DA:2088,43
DA:2089,43
DA:2091,43
DA:2092,43
DA:2093,43
DA:2094,43
DA:2095,43
DA:2096,43
DA:2097,43
DA:2098,43
DA:2099,43
DA:2100,43
DA:2101,43
DA:2102,43
DA:2103,43
DA:2104,43
DA:2105,43
DA:2106,43
DA:2108,43
DA:2109,2
DA:2110,2
DA:2111,2
DA:2112,2
DA:2113,2
DA:2115,41
DA:2117,43
DA:2118,43
DA:2120,53
DA:2122,53
DA:2123,53
DA:2124,53
DA:2125,53
DA:2127,53
LF:1912
LH:905
BRDA:33,0,0,0
BRDA:41,1,0,5
BRDA:45,2,0,0
BRDA:47,3,0,1
BRDA:47,4,0,0
BRDA:48,5,0,4
BRDA:52,6,0,5
BRDA:57,7,0,1
BRDA:60,8,0,0
BRDA:63,9,0,10
BRDA:67,10,0,0
BRDA:69,11,0,2
BRDA:69,12,0,0
BRDA:71,13,0,0
BRDA:72,14,0,0
BRDA:73,15,0,8
BRDA:77,16,0,1
BRDA:84,17,0,0
BRDA:88,18,0,0
BRDA:92,19,0,5
BRDA:95,20,0,0
BRDA:97,21,0,0
BRDA:98,22,0,0
BRDA:102,23,0,53
BRDA:206,24,0,4
BRDA:317,25,0,4
BRDA:323,26,0,4
BRDA:329,27,0,4
BRDA:383,28,0,4
BRDA:394,29,0,4
BRDA:405,30,0,4
BRDA:436,31,0,4
BRDA:449,32,0,4
BRDA:540,33,0,4
BRDA:584,34,0,4
BRDA:618,35,0,4
BRDA:746,36,0,4
BRDA:751,37,0,4
BRDA:755,38,0,0
BRDA:755,39,0,0
BRDA:1238,40,0,4
BRDA:1472,41,0,0
BRDA:1560,42,0,4
BRDA:1566,43,0,0
BRDA:1576,44,0,0
BRDA:1616,45,0,49
BRDA:1658,46,0,0
BRDA:1662,47,0,0
BRDA:1664,48,0,0
BRDA:1666,49,0,4
BRDA:1676,50,0,49
BRDA:1691,51,0,1
BRDA:1698,52,0,0
BRDA:1765,53,0,4
BRDA:1765,54,0,49
BRDA:1766,55,0,4
BRDA:1766,56,0,49
BRDA:1767,57,0,4
BRDA:1767,58,0,49
BRDA:1778,59,0,7
BRDA:1789,60,0,4
BRDA:1789,61,0,3
BRDA:1814,62,0,49
BRDA:1814,63,0,0
BRDA:1814,64,0,0
BRDA:1821,65,0,49
BRDA:1821,66,0,43
BRDA:1833,67,0,0
BRDA:1836,68,0,0
BRDA:1905,69,0,49
BRDA:1905,70,0,43
BRDA:1905,71,0,0
BRDA:1981,72,0,49
BRDA:1983,73,0,46
BRDA:1983,74,0,40
BRDA:1998,75,0,46
BRDA:1998,76,0,6
BRDA:2050,77,0,49
BRDA:2050,78,0,43
BRDA:2050,79,0,3
BRDA:2056,80,0,1
BRDA:2056,81,0,1
BRDA:2064,82,0,1
BRDA:2064,83,0,1
BRDA:2066,84,0,0
BRDA:2068,85,0,0
BRDA:2068,86,0,0
BRDA:2068,87,0,0
BRDA:2078,88,0,0
BRDA:2086,89,0,49
BRDA:2086,90,0,43
BRDA:2108,91,0,2
BRDA:2113,92,0,41
BRDA:114,93,0,5
BRDA:152,94,0,5
BRDA:158,95,0,6
BRDA:160,96,0,0
BRDA:162,97,0,0
BRDA:208,98,0,8
BRDA:210,99,0,0
BRDA:219,100,0,1
BRDA:225,101,0,0
BRDA:331,102,0,6
BRDA:332,103,0,1
BRDA:332,104,0,5
BRDA:332,105,0,1
BRDA:337,106,0,0
BRDA:340,107,0,1
BRDA:341,108,0,0
BRDA:341,109,0,1
BRDA:343,110,0,0
BRDA:347,111,0,1
BRDA:348,112,0,0
BRDA:356,113,0,1
BRDA:357,114,0,0
BRDA:365,115,0,1
BRDA:367,116,0,0
BRDA:368,117,0,0
BRDA:370,118,0,0
BRDA:372,119,0,1
BRDA:372,120,0,0
BRDA:375,121,0,0
BRDA:375,122,0,0
BRDA:375,123,0,0
BRDA:380,124,0,0
BRDA:386,125,0,6
BRDA:387,126,0,1
BRDA:387,127,0,1
BRDA:387,128,0,5
BRDA:390,129,0,0
BRDA:391,130,0,4
BRDA:397,131,0,6
BRDA:398,132,0,1
BRDA:398,133,0,1
BRDA:398,134,0,5
BRDA:401,135,0,0
BRDA:402,136,0,4
BRDA:407,137,0,6
BRDA:438,138,0,5
BRDA:444,139,0,10
BRDA:445,140,0,2
BRDA:445,141,0,2
BRDA:445,142,0,0
BRDA:445,143,0,0
BRDA:451,144,0,4
BRDA:455,145,0,0
BRDA:456,146,0,2
BRDA:457,147,0,0
BRDA:467,148,0,2
BRDA:468,149,0,1
BRDA:470,150,0,3
BRDA:471,151,0,0
BRDA:477,152,0,9
BRDA:478,153,0,4
BRDA:733,154,0,6
BRDA:734,155,0,1
BRDA:734,156,0,1
BRDA:734,157,0,5
BRDA:737,158,0,0
BRDA:743,159,0,4
BRDA:748,160,0,6
BRDA:749,161,0,0
BRDA:749,162,0,0
BRDA:753,163,0,5
BRDA:757,164,0,6
BRDA:761,165,0,0
BRDA:762,166,0,0
BRDA:762,167,0,0
BRDA:930,168,0,2
BRDA:931,169,0,0
BRDA:932,170,0,1
BRDA:932,171,0,1
BRDA:940,172,0,0
BRDA:940,173,0,0
BRDA:933,174,0,1
BRDA:934,175,0,2
BRDA:935,176,0,1
BRDA:935,177,0,1
BRDA:936,178,0,1
BRDA:958,179,0,1
BRDA:960,180,0,0
BRDA:980,181,0,0
BRDA:982,182,0,0
BRDA:985,183,0,0
BRDA:985,184,0,0
BRDA:989,185,0,0
BRDA:989,186,0,0
BRDA:995,187,0,0
BRDA:1010,188,0,0
BRDA:1038,189,0,0
BRDA:1050,190,0,0
BRDA:1056,191,0,2
BRDA:1058,192,0,1
BRDA:1062,193,0,0
BRDA:1066,194,0,0
BRDA:1068,195,0,0
BRDA:1071,196,0,1
BRDA:1073,197,0,0
BRDA:1078,198,0,1
BRDA:1080,199,0,0
BRDA:1100,200,0,0
BRDA:1112,201,0,0
BRDA:969,202,0,1
BRDA:978,203,0,1
BRDA:1586,204,0,4
BRDA:1587,205,0,0
BRDA:1594,206,0,4
BRDA:1595,207,0,0
BRDA:1602,208,0,4
BRDA:1603,209,0,0
BRDA:1610,210,0,4
BRDA:1611,211,0,0
BRDA:1627,212,0,49
BRDA:1628,213,0,0
BRDA:1635,214,0,49
BRDA:1636,215,0,0
BRDA:1643,216,0,49
BRDA:1644,217,0,0
BRDA:1681,218,0,1
BRDA:1693,219,0,1
BRDA:1785,220,0,4
BRDA:2006,221,0,6
BRDA:2007,222,0,3
BRDA:2023,223,0,3
BRDA:2098,224,0,31
BRF:225
BRH:135
end_of_record
TN:
SF:src/MentorWandIcon.jsx
FN:1,(empty-report)
FNF:1
FNH:0
FNDA:0,(empty-report)
DA:1,0
DA:6,0
DA:7,0
DA:8,0
DA:9,0
DA:10,0
DA:11,0
DA:12,0
DA:13,0
DA:14,0
DA:15,0
DA:16,0
DA:17,0
DA:18,0
DA:21,0
DA:23,0
DA:24,0
DA:25,0
DA:26,0
DA:27,0
DA:29,0
DA:30,0
DA:31,0
DA:32,0
DA:33,0
DA:34,0
DA:35,0
DA:36,0
DA:37,0
DA:38,0
DA:39,0
DA:40,0
DA:41,0
DA:42,0
DA:43,0
DA:44,0
DA:45,0
DA:46,0
DA:47,0
DA:48,0
DA:49,0
DA:50,0
DA:51,0
DA:52,0
DA:53,0
DA:55,0
LF:46
LH:0
BRDA:1,0,0,0
BRF:1
BRH:0
end_of_record
TN:
SF:src/MickeyIcon.jsx
FN:5,MickeyIcon
FNF:1
FNH:1
FNDA:43,MickeyIcon
DA:1,1
DA:5,43
DA:6,43
DA:7,43
DA:8,43
DA:9,43
DA:10,43
DA:11,43
DA:12,43
DA:13,43
DA:15,43
DA:16,43
DA:17,43
DA:18,43
DA:20,43
LF:15
LH:15
BRDA:5,0,0,43
BRF:1
BRH:1
end_of_record
TN:
SF:src/diningWindow.js
FN:6,daysUntilBookingWindow
FN:22,bookingWindowOpenedApprox
FNF:2
FNH:0
FNDA:0,daysUntilBookingWindow
FNDA:0,bookingWindowOpenedApprox
DA:1,1
DA:2,1
DA:3,1
DA:4,1
DA:5,1
DA:6,1
DA:7,0
DA:8,0
DA:9,0
DA:10,0
DA:11,0
DA:12,0
DA:13,0
DA:14,0
DA:15,0
DA:16,0
DA:17,0
DA:18,0
DA:19,0
DA:20,0
DA:22,1
DA:23,0
DA:24,0
DA:25,0
LF:24
LH:7
BRF:0
BRH:0
end_of_record
TN:
SF:src/tripFromApi.js
FN:7,tripFromApi
FNF:1
FNH:0
FNDA:0,tripFromApi
DA:1,1
DA:2,1
DA:3,1
DA:4,1
DA:6,1
DA:7,1
DA:8,0
DA:9,0
DA:10,0
DA:11,0
DA:12,0
DA:13,0
DA:14,0
DA:15,0
DA:16,0
DA:17,0
DA:18,0
DA:19,0
DA:20,0
DA:21,0
DA:22,0
DA:23,0
DA:24,0
DA:25,0
DA:26,0
DA:27,0
DA:28,0
DA:29,0
DA:30,0
DA:31,0
DA:32,0
DA:33,0
DA:34,0
DA:35,0
DA:36,0
DA:37,0
DA:38,0
DA:39,0
DA:40,0
DA:41,0
DA:42,0
DA:43,0
DA:44,0
DA:45,0
DA:46,0
DA:47,0
DA:48,0
DA:49,0
DA:50,0
DA:51,0
DA:52,0
DA:53,0
LF:52
LH:6
BRF:0
BRH:0
end_of_record
TN:
SF:src/tripInfo.js
FN:6,toTripInfoPayload
FN:99,thrillToRidePreference
FNF:2
FNH:0
FNDA:0,toTripInfoPayload
FNDA:0,thrillToRidePreference
DA:1,1
DA:2,1
DA:3,1
DA:4,1
DA:5,1
DA:6,1
DA:7,0
DA:8,0
DA:9,0
DA:10,0
DA:11,0
DA:12,0
DA:13,0
DA:14,0
DA:16,0
DA:17,0
DA:18,0
DA:19,0
DA:20,0
DA:21,0
DA:22,0
DA:23,0
DA:24,0
DA:25,0
DA:26,0
DA:27,0
DA:28,0
DA:29,0
DA:30,0
DA:31,0
DA:32,0
DA:33,0
DA:34,0
DA:35,0
DA:36,0
DA:37,0
DA:38,0
DA:39,0
DA:40,0
DA:41,0
DA:42,0
DA:43,0
DA:44,0
DA:45,0
DA:46,0
DA:47,0
DA:48,0
DA:49,0
DA:51,1
DA:52,1
DA:53,1
DA:54,1
DA:56,1
DA:57,1
DA:58,1
DA:59,1
DA:60,1
DA:61,1
DA:62,1
DA:63,1
DA:64,1
DA:65,1
DA:67,1
DA:68,1
DA:69,1
DA:70,1
DA:71,1
DA:73,1
DA:74,1
DA:75,1
DA:76,1
DA:77,1
DA:78,1
DA:79,1
DA:80,1
DA:81,1
DA:82,1
DA:83,1
DA:84,1
DA:85,1
DA:86,1
DA:87,1
DA:88,1
DA:89,1
DA:91,1
DA:92,1
DA:93,1
DA:94,1
DA:95,1
DA:96,1
DA:98,1
DA:99,1
DA:100,0
DA:101,0
DA:102,0
DA:103,0
DA:104,0
DA:106,1
DA:107,1
DA:108,1
DA:109,1
DA:110,1
DA:111,1
DA:112,1
DA:114,1
DA:115,1
DA:116,1
DA:117,1
DA:118,1
DA:119,1
DA:120,1
DA:121,1
DA:122,1
DA:123,1
DA:125,1
DA:126,1
DA:127,1
DA:128,1
DA:129,1
DA:131,1
DA:132,1
DA:133,1
DA:134,1
DA:135,1
DA:136,1
DA:138,1
DA:139,1
DA:140,1
DA:141,1
DA:142,1
DA:144,1
DA:145,1
DA:146,1
DA:147,1
DA:148,1
DA:149,1
DA:150,1
DA:151,1
DA:153,1
DA:154,1
DA:155,1
DA:156,1
DA:157,1
DA:158,1
DA:159,1
DA:160,1
DA:162,1
DA:163,1
DA:164,1
DA:165,1
DA:166,1
DA:167,1
DA:168,1
DA:169,1
DA:170,1
DA:171,1
DA:172,1
DA:173,1
DA:175,1
DA:176,1
DA:177,1
DA:178,1
DA:179,1
DA:180,1
DA:182,1
DA:183,1
DA:184,1
DA:185,1
DA:186,1
DA:187,1
LF:170
LH:123
BRF:0
BRH:0
end_of_record
TN:
SF:src/components/AuthModal.jsx
FN:9,AuthModal
FN:23,handleSubmit
FN:116,onClick
FN:129,onChange
FN:137,onChange
FN:181,onClick
FNF:6
FNH:6
FNDA:33,AuthModal
FNDA:1,handleSubmit
FNDA:4,onClick
FNDA:19,onChange
FNDA:11,onChange
FNDA:1,onClick
DA:1,1
DA:9,33
DA:10,33
DA:11,33
DA:12,33
DA:13,33
DA:14,33
DA:16,33
DA:17,33
DA:18,33
DA:20,33
DA:21,33
DA:23,33
DA:24,1
DA:25,1
DA:26,1
DA:27,0
DA:28,0
DA:29,0
DA:30,1
DA:31,0
DA:32,0
DA:33,0
DA:34,1
DA:35,0
DA:36,0
DA:37,0
DA:38,1
DA:39,1
DA:40,1
DA:41,1
DA:42,0
DA:43,1
DA:44,1
DA:45,1
DA:46,1
DA:47,1
DA:48,1
DA:49,1
DA:50,1
DA:51,1
DA:52,1
DA:53,0
DA:54,0
DA:55,0
DA:56,0
DA:57,0
DA:58,0
DA:59,0
DA:60,1
DA:61,0
DA:62,0
DA:63,0
DA:64,0
DA:65,0
DA:66,0
DA:67,0
DA:68,0
DA:69,0
DA:70,0
DA:71,0
DA:72,0
DA:73,0
DA:74,0
DA:75,0
DA:76,0
DA:77,0
DA:78,0
DA:79,0
DA:80,0
DA:81,0
DA:82,0
DA:83,0
DA:84,0
DA:85,1
DA:86,1
DA:87,1
DA:88,1
DA:89,1
DA:90,1
DA:91,1
DA:92,0
DA:93,0
DA:94,0
DA:95,0
DA:96,0
DA:97,0
DA:98,0
DA:99,0
DA:100,0
DA:101,1
DA:102,1
DA:103,1
DA:104,1
DA:106,33
DA:107,33
DA:108,33
DA:109,33
DA:110,33
DA:111,33
DA:112,33
DA:114,33
DA:115,33
DA:116,33
DA:118,33
DA:119,33
DA:120,33
DA:122,33
DA:123,33
DA:124,33
DA:125,33
DA:126,33
DA:127,33
DA:128,33
DA:129,33
DA:130,33
DA:131,33
DA:132,33
DA:133,33
DA:134,33
DA:135,33
DA:136,33
DA:137,33
DA:138,33
DA:139,33
DA:141,33
DA:142,33
DA:143,33
DA:144,32
DA:146,32
DA:148,33
DA:149,0
DA:150,0
DA:151,0
DA:153,0
DA:154,0
DA:156,33
DA:157,33
DA:158,33
DA:159,1
DA:160,32
DA:161,1
DA:162,31
DA:163,33
DA:164,33
DA:165,33
DA:166,33
DA:167,33
DA:168,33
DA:169,33
DA:171,33
DA:172,33
DA:173,33
DA:174,33
DA:175,33
DA:176,1
DA:177,32
DA:178,33
DA:179,33
DA:180,33
DA:181,33
DA:182,1
DA:183,1
DA:184,1
DA:186,33
DA:187,33
DA:188,33
DA:189,33
DA:190,33
DA:192,33
LF:170
LH:115
BRDA:9,0,0,33
BRDA:18,1,0,0
BRDA:122,2,0,1
BRDA:122,3,0,32
BRDA:139,4,0,1
BRDA:139,5,0,32
BRDA:143,6,0,32
BRDA:148,7,0,0
BRDA:158,8,0,1
BRDA:159,9,0,32
BRDA:160,10,0,1
BRDA:161,11,0,31
BRDA:175,12,0,1
BRDA:176,13,0,32
BRDA:186,14,0,1
BRDA:186,15,0,32
BRDA:23,16,0,1
BRDA:26,17,0,0
BRDA:30,18,0,0
BRDA:34,19,0,0
BRDA:41,20,0,0
BRDA:52,21,0,0
BRDA:60,22,0,0
BRDA:91,23,0,0
BRDA:116,24,0,4
BRDA:129,25,0,19
BRDA:137,26,0,11
BRDA:181,27,0,1
BRDA:182,28,0,0
BRF:29
BRH:19
end_of_record
TN:
SF:src/components/DashboardHome.jsx
FN:25,readDismissedIds
FN:37,persistDismissedId
FN:64,daysUntilArrival
FN:77,DashboardHome
FN:132,handleShareClick
FN:151,dismissAiTip
FN:249,onClick
FN:294,onClick
FN:331,onClick
FN:395,onClick
FN:615,onClick
FNF:11
FNH:1
FNDA:0,readDismissedIds
FNDA:0,persistDismissedId
FNDA:0,daysUntilArrival
FNDA:3,DashboardHome
FNDA:0,handleShareClick
FNDA:0,dismissAiTip
FNDA:0,onClick
FNDA:0,onClick
FNDA:0,onClick
FNDA:0,onClick
FNDA:0,onClick
DA:1,1
DA:23,1
DA:25,0
DA:26,0
DA:27,0
DA:28,0
DA:29,0
DA:30,0
DA:31,0
DA:32,0
DA:33,0
DA:34,0
DA:35,0
DA:37,0
DA:38,0
DA:39,0
DA:40,0
DA:41,0
DA:42,0
DA:43,0
DA:44,0
DA:46,0
DA:47,0
DA:49,1
DA:50,1
DA:51,1
DA:52,1
DA:53,1
DA:54,1
DA:55,1
DA:56,1
DA:57,1
DA:58,1
DA:59,1
DA:60,1
DA:61,1
DA:62,1
DA:64,0
DA:65,0
DA:66,0
DA:67,0
DA:68,0
DA:69,0
DA:70,0
DA:71,0
DA:72,0
DA:73,0
DA:74,0
DA:75,0
DA:77,3
DA:78,3
DA:79,3
DA:80,3
DA:81,3
DA:82,3
DA:83,3
DA:84,3
DA:85,3
DA:86,3
DA:87,3
DA:88,3
DA:89,3
DA:90,3
DA:91,3
DA:92,3
DA:93,3
DA:94,3
DA:95,3
DA:96,3
DA:97,3
DA:98,3
DA:99,3
DA:101,3
DA:102,1
DA:103,0
DA:104,1
DA:105,1
DA:106,3
DA:108,3
DA:109,1
DA:110,1
DA:111,1
DA:112,1
DA:113,1
DA:114,0
DA:115,3
DA:117,3
DA:118,3
DA:119,3
DA:121,3
DA:122,0
DA:123,3
DA:124,3
DA:125,3
DA:126,3
DA:127,3
DA:128,0
DA:129,0
DA:130,0
DA:132,3
DA:133,0
DA:134,0
DA:135,0
DA:136,0
DA:137,0
DA:138,0
DA:139,0
DA:140,0
DA:141,0
DA:142,0
DA:143,0
DA:145,3
DA:147,3
DA:148,3
DA:149,3
DA:151,3
DA:152,0
DA:153,0
DA:154,0
DA:155,0
DA:156,0
DA:158,3
DA:159,3
DA:160,3
DA:161,3
DA:163,3
DA:164,3
DA:167,3
DA:168,3
DA:171,3
DA:172,3
DA:173,3
DA:175,3
DA:176,3
DA:177,3
DA:178,3
DA:179,3
DA:181,3
DA:182,3
DA:183,3
DA:184,3
DA:186,3
DA:187,3
DA:188,3
DA:189,3
DA:190,3
DA:191,3
DA:192,0
DA:193,0
DA:194,0
DA:195,0
DA:196,0
DA:198,0
DA:200,3
DA:202,3
DA:203,3
DA:204,3
DA:206,3
DA:207,3
DA:208,3
DA:209,3
DA:210,3
DA:211,3
DA:213,3
DA:214,3
DA:216,0
DA:217,0
DA:218,0
DA:219,0
DA:220,0
DA:221,0
DA:222,0
DA:223,0
DA:224,0
DA:225,0
DA:227,0
DA:228,0
DA:230,0
DA:232,0
DA:233,0
DA:235,0
DA:237,0
DA:238,0
DA:239,0
DA:240,0
DA:241,0
DA:242,0
DA:243,0
DA:245,0
DA:246,0
DA:247,0
DA:248,0
DA:249,0
DA:250,0
DA:251,0
DA:253,0
DA:254,0
DA:255,0
DA:256,0
DA:257,0
DA:258,0
DA:259,0
DA:260,0
DA:261,0
DA:262,0
DA:265,0
DA:266,0
DA:268,0
DA:270,3
DA:273,3
DA:274,0
DA:275,0
DA:276,0
DA:278,0
DA:279,0
DA:280,0
DA:281,0
DA:282,0
DA:284,0
DA:286,0
DA:287,0
DA:290,0
DA:291,0
DA:292,0
DA:293,0
DA:294,0
DA:295,0
DA:296,0
DA:298,0
DA:299,0
DA:300,0
DA:302,0
DA:304,0
DA:306,0
DA:307,0
DA:309,0
DA:310,0
DA:311,0
DA:312,0
DA:313,0
DA:314,0
DA:315,0
DA:316,0
DA:317,0
DA:318,0
DA:320,0
DA:321,0
DA:322,0
DA:323,0
DA:324,0
DA:327,0
DA:328,0
DA:329,0
DA:330,0
DA:331,0
DA:332,0
DA:333,0
DA:335,0
DA:337,0
DA:338,0
DA:340,0
DA:341,0
DA:342,0
DA:343,0
DA:344,0
DA:345,0
DA:347,0
DA:348,0
DA:349,0
DA:350,0
DA:351,0
DA:353,0
DA:354,0
DA:355,0
DA:356,0
DA:357,0
DA:358,0
DA:359,0
DA:360,0
DA:361,0
DA:362,0
DA:363,0
DA:364,0
DA:366,0
DA:367,0
DA:368,0
DA:369,0
DA:372,0
DA:373,0
DA:374,0
DA:378,3
DA:379,3
DA:380,3
DA:382,3
DA:383,3
DA:384,3
DA:385,3
DA:387,3
DA:388,3
DA:389,3
DA:390,3
DA:392,3
DA:393,3
DA:394,3
DA:395,3
DA:396,3
DA:397,3
DA:398,3
DA:400,3
DA:401,3
DA:402,3
DA:404,3
DA:405,3
DA:406,3
DA:407,0
DA:408,0
DA:409,0
DA:411,3
DA:412,1
DA:414,1
DA:415,2
DA:416,1
DA:418,1
DA:420,1
DA:421,1
DA:422,1
DA:423,1
DA:424,1
DA:426,1
DA:427,1
DA:428,1
DA:429,1
DA:430,1
DA:431,1
DA:432,1
DA:433,1
DA:434,1
DA:435,1
DA:436,1
DA:437,1
DA:438,1
DA:439,1
DA:440,1
DA:442,3
DA:443,1
DA:444,1
DA:445,1
DA:446,1
DA:448,3
DA:451,3
DA:452,3
DA:453,3
DA:455,3
DA:456,3
DA:457,3
DA:459,3
DA:460,3
DA:461,3
DA:462,3
DA:464,3
DA:465,3
DA:467,3
DA:468,3
DA:469,3
DA:470,3
DA:471,3
DA:472,3
DA:473,3
DA:474,3
DA:475,3
DA:477,3
DA:478,3
DA:480,3
DA:481,3
DA:482,3
DA:484,3
DA:485,3
DA:486,3
DA:487,3
DA:488,3
DA:490,3
DA:491,3
DA:492,3
DA:493,3
DA:495,3
DA:496,3
DA:497,3
DA:498,3
DA:499,3
DA:500,3
DA:501,3
DA:503,3
DA:504,3
DA:505,3
DA:508,3
DA:509,3
DA:510,3
DA:512,3
DA:513,3
DA:514,3
DA:516,3
DA:518,3
DA:519,3
DA:522,3
DA:523,3
DA:524,3
DA:525,3
DA:526,3
DA:527,3
DA:529,3
DA:530,3
DA:533,3
DA:534,3
DA:535,3
DA:537,3
DA:538,3
DA:539,3
DA:541,3
DA:543,3
DA:544,3
DA:547,3
DA:548,3
DA:549,3
DA:550,3
DA:551,3
DA:552,3
DA:554,3
DA:555,3
DA:558,3
DA:559,3
DA:560,3
DA:561,3
DA:563,3
DA:564,3
DA:565,3
DA:566,3
DA:567,3
DA:569,3
DA:570,3
DA:572,3
DA:573,3
DA:574,3
DA:575,3
DA:576,3
DA:577,3
DA:578,3
DA:581,3
DA:582,3
DA:583,3
DA:585,3
DA:586,3
DA:587,3
DA:588,3
DA:590,3
DA:591,3
DA:592,3
DA:593,3
DA:594,3
DA:595,3
DA:596,3
DA:597,3
DA:598,3
DA:599,3
DA:600,3
DA:601,3
DA:602,3
DA:604,3
DA:605,9
DA:606,9
DA:607,9
DA:608,9
DA:609,9
DA:610,9
DA:611,9
DA:612,3
DA:613,6
DA:614,9
DA:615,9
DA:616,9
DA:617,9
DA:618,3
DA:619,3
DA:620,3
DA:621,3
DA:623,3
LF:485
LH:298
BRDA:77,0,0,3
BRDA:115,1,0,0
BRDA:118,2,0,0
BRDA:121,3,0,0
BRDA:121,4,0,0
BRDA:124,5,0,0
BRDA:124,6,0,0
BRDA:127,7,0,0
BRDA:128,8,0,0
BRDA:129,9,0,0
BRDA:145,10,0,1
BRDA:145,11,0,2
BRDA:147,12,0,0
BRDA:149,13,0,0
BRDA:191,14,0,0
BRDA:191,15,0,0
BRDA:202,16,0,0
BRDA:214,17,0,0
BRDA:273,18,0,0
BRDA:401,19,0,1
BRDA:401,20,0,2
BRDA:406,21,0,0
BRDA:411,22,0,1
BRDA:411,23,0,1
BRDA:414,24,0,2
BRDA:415,25,0,1
BRDA:418,26,0,1
BRDA:442,27,0,1
BRDA:442,28,0,1
BRDA:445,29,0,0
BRDA:503,30,0,0
BRDA:99,31,0,1
BRDA:101,32,0,1
BRDA:105,33,0,1
BRDA:108,34,0,1
BRDA:109,35,0,0
BRDA:113,36,0,0
BRDA:118,37,0,6
BRDA:118,38,0,0
BRDA:421,39,0,1
BRDA:604,40,0,9
BRDA:611,41,0,3
BRDA:612,42,0,6
BRF:43
BRH:21
end_of_record
TN:
SF:src/components/DiningAlerts.jsx
FN:23,defaultPartySize
FN:30,DiningAlerts
FNF:2
FNH:0
FNDA:0,defaultPartySize
FNDA:0,DiningAlerts
DA:1,1
DA:21,1
DA:23,0
DA:24,0
DA:25,0
DA:26,0
DA:27,0
DA:28,0
DA:30,0
DA:31,0
DA:32,0
DA:33,0
DA:34,0
DA:35,0
DA:37,0
DA:38,0
DA:39,0
DA:40,0
DA:41,0
DA:43,0
DA:44,0
DA:45,0
DA:47,0
DA:48,0
DA:50,0
DA:51,0
DA:52,0
DA:53,0
DA:54,0
DA:56,0
DA:57,0
DA:58,0
DA:60,0
DA:61,0
DA:62,0
DA:64,0
DA:65,0
DA:66,0
DA:67,0
DA:68,0
DA:69,0
DA:70,0
DA:72,0
DA:74,0
DA:75,0
DA:76,0
DA:77,0
DA:78,0
DA:79,0
DA:80,0
DA:81,0
DA:82,0
DA:83,0
DA:84,0
DA:86,0
DA:87,0
DA:88,0
DA:89,0
DA:91,0
DA:92,0
DA:93,0
DA:95,0
DA:96,0
DA:97,0
DA:98,0
DA:99,0
DA:100,0
DA:101,0
DA:102,0
DA:103,0
DA:104,0
DA:105,0
DA:106,0
DA:107,0
DA:108,0
DA:109,0
DA:110,0
DA:111,0
DA:112,0
DA:113,0
DA:114,0
DA:115,0
DA:116,0
DA:117,0
DA:118,0
DA:119,0
DA:120,0
DA:121,0
DA:122,0
DA:123,0
DA:124,0
DA:125,0
DA:126,0
DA:127,0
DA:128,0
DA:129,0
DA:131,0
DA:132,0
DA:133,0
DA:134,0
DA:135,0
DA:136,0
DA:137,0
DA:138,0
DA:140,0
DA:141,0
DA:142,0
DA:143,0
DA:144,0
DA:145,0
DA:146,0
DA:148,0
DA:149,0
DA:150,0
DA:152,0
DA:153,0
DA:154,0
DA:155,0
DA:156,0
DA:157,0
DA:158,0
DA:159,0
DA:160,0
DA:161,0
DA:162,0
DA:163,0
DA:164,0
DA:165,0
DA:166,0
DA:167,0
DA:168,0
DA:169,0
DA:170,0
DA:171,0
DA:172,0
DA:173,0
DA:174,0
DA:175,0
DA:176,0
DA:177,0
DA:178,0
DA:179,0
DA:180,0
DA:181,0
DA:182,0
DA:183,0
DA:184,0
DA:185,0
DA:186,0
DA:187,0
DA:188,0
DA:189,0
DA:190,0
DA:191,0
DA:192,0
DA:194,0
DA:195,0
DA:196,0
DA:197,0
DA:198,0
DA:199,0
DA:200,0
DA:201,0
DA:202,0
DA:204,0
DA:205,0
DA:207,0
DA:208,0
DA:209,0
DA:210,0
DA:211,0
DA:212,0
DA:214,0
DA:216,0
DA:217,0
DA:218,0
DA:219,0
DA:221,0
DA:222,0
DA:225,0
DA:226,0
DA:227,0
DA:228,0
DA:229,0
DA:230,0
DA:232,0
DA:233,0
DA:234,0
DA:236,0
DA:238,0
DA:239,0
DA:240,0
DA:241,0
DA:242,0
DA:243,0
DA:245,0
DA:247,0
DA:248,0
DA:249,0
DA:250,0
DA:252,0
DA:253,0
DA:255,0
DA:256,0
DA:257,0
DA:258,0
DA:259,0
DA:261,0
DA:262,0
DA:263,0
DA:265,0
DA:267,0
DA:268,0
DA:269,0
DA:270,0
DA:271,0
DA:272,0
DA:274,0
DA:276,0
DA:277,0
DA:278,0
DA:279,0
DA:280,0
DA:282,0
DA:283,0
DA:285,0
DA:286,0
DA:288,0
DA:289,0
DA:292,0
DA:293,0
DA:295,0
DA:296,0
DA:297,0
DA:298,0
DA:299,0
DA:301,0
DA:305,0
DA:306,0
DA:307,0
DA:309,0
DA:310,0
DA:311,0
DA:312,0
DA:314,0
DA:316,0
DA:317,0
DA:318,0
DA:319,0
DA:320,0
DA:321,0
DA:322,0
DA:323,0
DA:325,0
DA:326,0
DA:327,0
DA:328,0
DA:329,0
DA:330,0
DA:331,0
DA:332,0
DA:333,0
DA:335,0
DA:336,0
DA:337,0
DA:338,0
DA:340,0
DA:341,0
DA:342,0
DA:343,0
DA:344,0
DA:345,0
DA:346,0
DA:347,0
DA:348,0
DA:349,0
DA:350,0
DA:351,0
DA:352,0
DA:353,0
DA:354,0
DA:355,0
DA:356,0
DA:357,0
DA:358,0
DA:359,0
DA:360,0
DA:361,0
DA:362,0
DA:363,0
DA:364,0
DA:366,0
DA:367,0
DA:368,0
DA:369,0
DA:370,0
DA:371,0
DA:372,0
DA:373,0
DA:374,0
DA:375,0
DA:376,0
DA:378,0
DA:379,0
DA:380,0
DA:381,0
DA:382,0
DA:383,0
DA:384,0
DA:385,0
DA:386,0
DA:387,0
DA:388,0
DA:389,0
DA:390,0
DA:391,0
DA:392,0
DA:393,0
DA:395,0
DA:396,0
DA:397,0
DA:398,0
DA:399,0
DA:400,0
DA:401,0
DA:402,0
DA:403,0
DA:404,0
DA:405,0
DA:407,0
DA:408,0
DA:409,0
DA:410,0
DA:411,0
DA:412,0
DA:413,0
DA:414,0
DA:415,0
DA:417,0
DA:418,0
DA:421,0
DA:422,0
DA:423,0
DA:424,0
DA:425,0
DA:426,0
DA:427,0
DA:428,0
DA:429,0
DA:430,0
DA:432,0
DA:433,0
DA:434,0
DA:436,0
DA:438,0
DA:439,0
DA:441,0
DA:443,0
DA:445,0
DA:446,0
DA:447,0
DA:448,0
DA:451,0
DA:452,0
DA:453,0
DA:454,0
DA:455,0
DA:456,0
DA:458,0
DA:459,0
DA:460,0
DA:461,0
DA:462,0
DA:463,0
DA:464,0
DA:465,0
DA:466,0
DA:467,0
DA:468,0
DA:469,0
DA:470,0
DA:471,0
DA:472,0
DA:473,0
DA:474,0
DA:475,0
DA:476,0
DA:477,0
DA:478,0
DA:479,0
DA:482,0
DA:483,0
DA:485,0
DA:486,0
DA:487,0
DA:488,0
DA:489,0
DA:490,0
DA:491,0
DA:492,0
DA:493,0
DA:494,0
DA:495,0
DA:496,0
DA:497,0
DA:499,0
DA:501,0
DA:502,0
DA:503,0
DA:504,0
DA:505,0
DA:506,0
DA:507,0
DA:508,0
DA:510,0
DA:511,0
DA:512,0
DA:513,0
DA:514,0
DA:515,0
DA:516,0
DA:517,0
DA:518,0
DA:519,0
DA:520,0
DA:521,0
DA:523,0
DA:525,0
DA:526,0
DA:527,0
DA:528,0
DA:529,0
DA:530,0
DA:532,0
DA:533,0
DA:534,0
DA:535,0
DA:536,0
DA:537,0
DA:538,0
DA:540,0
DA:541,0
DA:542,0
DA:545,0
DA:546,0
DA:547,0
DA:548,0
DA:549,0
DA:550,0
DA:551,0
DA:552,0
DA:553,0
DA:554,0
DA:555,0
DA:556,0
DA:557,0
DA:558,0
DA:559,0
DA:560,0
DA:561,0
DA:562,0
DA:563,0
DA:565,0
DA:566,0
DA:567,0
DA:568,0
DA:569,0
DA:570,0
DA:572,0
DA:573,0
DA:574,0
DA:575,0
DA:576,0
DA:577,0
DA:579,0
DA:580,0
DA:582,0
DA:583,0
DA:585,0
DA:586,0
DA:587,0
DA:589,0
DA:592,0
DA:593,0
DA:594,0
DA:595,0
DA:596,0
DA:598,0
DA:599,0
DA:600,0
DA:602,0
DA:603,0
DA:604,0
DA:605,0
DA:606,0
DA:607,0
DA:608,0
DA:610,0
DA:611,0
DA:614,0
DA:615,0
DA:616,0
DA:617,0
DA:618,0
DA:619,0
DA:620,0
DA:621,0
DA:622,0
DA:624,0
DA:625,0
DA:627,0
DA:628,0
DA:629,0
DA:630,0
DA:631,0
DA:633,0
DA:634,0
DA:635,0
DA:636,0
DA:637,0
DA:638,0
DA:639,0
DA:640,0
DA:641,0
DA:642,0
DA:643,0
DA:644,0
DA:645,0
DA:646,0
DA:647,0
DA:648,0
DA:649,0
DA:650,0
DA:651,0
DA:653,0
DA:654,0
DA:655,0
DA:656,0
DA:657,0
DA:659,0
DA:660,0
DA:662,0
LF:542
LH:2
BRF:0
BRH:0
end_of_record
TN:
SF:src/components/DiningPage.jsx
FN:18,CountdownBanner
FN:78,DiningPage
FNF:2
FNH:0
FNDA:0,CountdownBanner
FNDA:0,DiningPage
DA:1,1
DA:18,0
DA:19,0
DA:20,0
DA:21,0
DA:22,0
DA:23,0
DA:24,0
DA:25,0
DA:26,0
DA:27,0
DA:28,0
DA:30,0
DA:32,0
DA:34,0
DA:35,0
DA:37,0
DA:38,0
DA:39,0
DA:40,0
DA:42,0
DA:44,0
DA:46,0
DA:48,0
DA:49,0
DA:50,0
DA:51,0
DA:54,0
DA:55,0
DA:56,0
DA:57,0
DA:58,0
DA:59,0
DA:60,0
DA:61,0
DA:62,0
DA:63,0
DA:65,0
DA:67,0
DA:68,0
DA:69,0
DA:70,0
DA:71,0
DA:72,0
DA:74,0
DA:76,0
DA:78,0
DA:79,0
DA:80,0
DA:81,0
DA:82,0
DA:83,0
DA:84,0
DA:85,0
DA:86,0
DA:87,0
DA:88,0
DA:89,0
DA:90,0
DA:91,0
DA:92,0
DA:93,0
DA:94,0
DA:95,0
DA:97,0
DA:98,0
DA:99,0
DA:100,0
DA:101,0
DA:102,0
DA:104,0
DA:106,0
DA:107,0
DA:108,0
DA:109,0
DA:110,0
DA:111,0
DA:113,0
DA:114,0
DA:115,0
DA:116,0
DA:118,0
DA:119,0
DA:121,0
DA:122,0
DA:123,0
DA:125,0
DA:126,0
DA:128,0
DA:129,0
DA:132,0
DA:133,0
DA:135,0
DA:136,0
DA:137,0
DA:138,0
DA:139,0
DA:140,0
DA:141,0
DA:143,0
DA:144,0
DA:145,0
DA:146,0
DA:147,0
DA:149,0
DA:151,0
DA:152,0
DA:154,0
DA:155,0
DA:158,0
DA:159,0
DA:160,0
DA:161,0
DA:162,0
DA:163,0
DA:164,0
DA:165,0
DA:166,0
DA:167,0
DA:168,0
DA:170,0
DA:171,0
DA:172,0
DA:175,0
DA:176,0
DA:177,0
DA:178,0
DA:179,0
DA:180,0
DA:182,0
DA:184,0
DA:187,0
DA:188,0
DA:189,0
DA:190,0
DA:192,0
DA:193,0
DA:196,0
DA:197,0
DA:198,0
DA:199,0
DA:200,0
DA:203,0
DA:204,0
DA:205,0
DA:206,0
DA:207,0
DA:208,0
DA:209,0
DA:210,0
DA:211,0
DA:212,0
DA:213,0
DA:214,0
DA:215,0
DA:216,0
DA:217,0
DA:219,0
DA:221,0
DA:224,0
DA:225,0
DA:226,0
DA:227,0
DA:228,0
DA:229,0
DA:230,0
DA:231,0
DA:232,0
DA:234,0
DA:235,0
DA:236,0
DA:237,0
DA:238,0
DA:239,0
DA:240,0
DA:241,0
DA:242,0
DA:243,0
DA:244,0
DA:245,0
DA:246,0
DA:247,0
DA:248,0
DA:249,0
DA:250,0
DA:251,0
DA:252,0
DA:253,0
DA:254,0
DA:255,0
DA:256,0
DA:257,0
DA:258,0
DA:259,0
DA:260,0
DA:261,0
DA:262,0
DA:263,0
DA:264,0
DA:265,0
DA:267,0
DA:268,0
DA:269,0
DA:270,0
DA:271,0
DA:272,0
DA:273,0
DA:274,0
DA:276,0
DA:277,0
DA:280,0
DA:284,0
DA:285,0
DA:287,0
LF:214
LH:1
BRF:0
BRH:0
end_of_record
TN:
SF:src/components/GetToKnowYou.jsx
FN:32,today
FN:50,enter
FN:55,exit
FN:61,defaultTrip
FN:80,GetToKnowYou
FN:104,update
FN:108,togglePark
FN:117,next
FN:121,back
FN:125,goToDot
FN:131,buildAndSubmit
FN:199,onClick
FN:248,onChange
FN:264,onChange
FN:272,onChange
FN:286,onChange
FN:296,onChange
FN:321,onChange
FN:336,onChange
FN:351,onChange
FN:366,onChange
FN:420,onChange
FN:427,onChange
FN:498,onChange
FNF:24
FNH:3
FNDA:14,today
FNDA:0,enter
FNDA:0,exit
FNDA:5,defaultTrip
FNDA:7,GetToKnowYou
FNDA:0,update
FNDA:0,togglePark
FNDA:0,next
FNDA:0,back
FNDA:0,goToDot
FNDA:0,buildAndSubmit
FNDA:0,onClick
FNDA:0,onChange
FNDA:0,onChange
FNDA:0,onChange
FNDA:0,onChange
FNDA:0,onChange
FNDA:0,onChange
FNDA:0,onChange
FNDA:0,onChange
FNDA:0,onChange
FNDA:0,onChange
FNDA:0,onChange
FNDA:0,onChange
DA:1,1
DA:32,1
DA:34,1
DA:35,1
DA:36,1
DA:37,1
DA:38,1
DA:39,1
DA:40,1
DA:41,1
DA:42,1
DA:43,1
DA:44,1
DA:45,1
DA:47,1
DA:49,1
DA:50,1
DA:51,0
DA:52,0
DA:53,0
DA:54,1
DA:55,1
DA:56,0
DA:57,0
DA:58,0
DA:59,1
DA:61,5
DA:62,5
DA:63,5
DA:64,5
DA:65,5
DA:66,5
DA:67,5
DA:68,5
DA:69,5
DA:70,5
DA:71,5
DA:72,5
DA:73,5
DA:74,5
DA:75,5
DA:76,5
DA:77,5
DA:78,5
DA:80,7
DA:81,7
DA:82,7
DA:83,7
DA:84,7
DA:85,7
DA:86,7
DA:87,7
DA:88,7
DA:89,7
DA:90,7
DA:92,7
DA:93,5
DA:94,0
DA:95,0
DA:96,0
DA:97,0
DA:98,0
DA:99,7
DA:101,7
DA:102,7
DA:104,7
DA:105,0
DA:106,0
DA:108,7
DA:109,0
DA:110,0
DA:111,0
DA:112,0
DA:113,0
DA:114,0
DA:115,0
DA:117,7
DA:118,0
DA:119,0
DA:121,7
DA:122,0
DA:123,0
DA:125,7
DA:126,0
DA:127,0
DA:128,0
DA:129,0
DA:131,7
DA:132,0
DA:133,0
DA:134,0
DA:135,0
DA:136,0
DA:137,0
DA:138,0
DA:139,0
DA:140,0
DA:141,0
DA:142,0
DA:143,0
DA:144,0
DA:145,0
DA:146,0
DA:148,0
DA:149,0
DA:150,0
DA:151,0
DA:152,0
DA:153,0
DA:154,0
DA:155,0
DA:156,0
DA:157,0
DA:158,0
DA:159,0
DA:160,0
DA:161,0
DA:162,0
DA:164,7
DA:165,7
DA:166,7
DA:167,7
DA:168,7
DA:170,7
DA:171,7
DA:173,7
DA:174,7
DA:175,7
DA:176,7
DA:177,7
DA:178,7
DA:179,7
DA:180,7
DA:181,7
DA:182,7
DA:184,7
DA:185,7
DA:186,7
DA:187,7
DA:188,7
DA:189,7
DA:190,7
DA:191,42
DA:192,42
DA:193,42
DA:194,42
DA:195,42
DA:196,7
DA:197,35
DA:198,42
DA:199,42
DA:200,42
DA:201,42
DA:202,42
DA:203,7
DA:204,7
DA:205,7
DA:206,7
DA:208,7
DA:209,7
DA:210,7
DA:211,7
DA:213,7
DA:214,7
DA:215,7
DA:216,7
DA:217,7
DA:219,7
DA:220,7
DA:221,7
DA:223,7
DA:224,7
DA:225,7
DA:226,7
DA:227,7
DA:228,7
DA:229,7
DA:230,7
DA:231,7
DA:232,7
DA:233,7
DA:235,7
DA:236,7
DA:237,7
DA:239,7
DA:240,7
DA:244,7
DA:245,7
DA:246,7
DA:247,7
DA:248,7
DA:249,0
DA:252,7
DA:253,14
DA:254,14
DA:255,14
DA:256,7
DA:257,7
DA:258,7
DA:259,7
DA:260,7
DA:261,7
DA:262,7
DA:263,7
DA:264,7
DA:265,7
DA:266,7
DA:267,7
DA:268,7
DA:269,7
DA:270,7
DA:271,7
DA:272,7
DA:273,0
DA:275,7
DA:276,7
DA:277,7
DA:278,7
DA:280,7
DA:281,7
DA:282,7
DA:283,49
DA:284,49
DA:285,49
DA:286,49
DA:288,49
DA:289,49
DA:290,7
DA:291,7
DA:292,7
DA:293,7
DA:294,7
DA:295,7
DA:296,7
DA:297,0
DA:299,7
DA:300,7
DA:301,7
DA:304,7
DA:305,0
DA:306,0
DA:308,0
DA:309,0
DA:312,0
DA:313,0
DA:314,0
DA:315,0
DA:316,0
DA:317,0
DA:318,0
DA:319,0
DA:320,0
DA:321,0
DA:322,0
DA:323,0
DA:324,0
DA:325,0
DA:326,0
DA:327,0
DA:329,0
DA:330,0
DA:331,0
DA:332,0
DA:333,0
DA:334,0
DA:335,0
DA:336,0
DA:337,0
DA:338,0
DA:339,0
DA:340,0
DA:341,0
DA:342,0
DA:344,0
DA:345,0
DA:346,0
DA:347,0
DA:348,0
DA:349,0
DA:350,0
DA:351,0
DA:352,0
DA:353,0
DA:354,0
DA:355,0
DA:356,0
DA:357,0
DA:359,0
DA:360,0
DA:361,0
DA:362,0
DA:363,0
DA:364,0
DA:365,0
DA:366,0
DA:367,0
DA:368,0
DA:369,0
DA:370,0
DA:371,0
DA:372,0
DA:374,0
DA:375,0
DA:376,0
DA:379,7
DA:380,0
DA:381,0
DA:383,0
DA:384,0
DA:387,0
DA:388,0
DA:389,0
DA:390,0
DA:391,0
DA:392,0
DA:393,0
DA:394,0
DA:395,0
DA:397,0
DA:398,0
DA:399,0
DA:400,0
DA:401,0
DA:402,0
DA:403,0
DA:404,0
DA:407,7
DA:408,0
DA:409,0
DA:411,0
DA:412,0
DA:415,0
DA:416,0
DA:417,0
DA:418,0
DA:419,0
DA:420,0
DA:421,0
DA:422,0
DA:423,0
DA:424,0
DA:425,0
DA:426,0
DA:427,0
DA:428,0
DA:430,0
DA:431,0
DA:432,0
DA:435,7
DA:436,0
DA:437,0
DA:439,0
DA:440,0
DA:443,0
DA:444,0
DA:445,0
DA:446,0
DA:447,0
DA:448,0
DA:449,0
DA:450,0
DA:451,0
DA:453,0
DA:454,0
DA:455,0
DA:456,0
DA:457,0
DA:460,7
DA:461,0
DA:462,0
DA:463,0
DA:464,0
DA:466,0
DA:467,0
DA:468,0
DA:469,0
DA:471,0
DA:472,0
DA:473,0
DA:474,0
DA:475,0
DA:476,0
DA:477,0
DA:479,0
DA:480,0
DA:481,0
DA:482,0
DA:483,0
DA:486,0
DA:487,0
DA:489,0
DA:490,0
DA:491,0
DA:492,0
DA:495,0
DA:496,0
DA:497,0
DA:498,0
DA:500,0
DA:504,0
DA:505,0
DA:506,0
DA:508,0
DA:509,0
DA:512,0
DA:513,0
DA:515,0
DA:516,0
DA:518,0
DA:520,7
DA:521,7
DA:522,7
DA:524,7
DA:525,7
DA:526,0
DA:528,0
DA:530,7
DA:531,7
DA:532,7
DA:533,7
DA:534,7
DA:535,7
DA:537,7
DA:538,7
DA:539,7
DA:540,7
DA:541,7
DA:542,7
DA:544,7
DA:546,7
DA:548,7
LF:431
LH:202
BRDA:32,0,0,14
BRDA:61,1,0,5
BRDA:63,2,0,0
BRDA:64,3,0,0
BRDA:65,4,0,0
BRDA:66,5,0,0
BRDA:67,6,0,0
BRDA:68,7,0,0
BRDA:69,8,0,0
BRDA:70,9,0,0
BRDA:71,10,0,0
BRDA:72,11,0,0
BRDA:73,12,0,0
BRDA:74,13,0,0
BRDA:75,14,0,0
BRDA:80,15,0,7
BRDA:171,16,0,0
BRDA:304,17,0,0
BRDA:379,18,0,0
BRDA:407,19,0,0
BRDA:435,20,0,0
BRDA:460,21,0,0
BRDA:525,22,0,0
BRDA:525,23,0,0
BRDA:531,24,0,0
BRDA:532,25,0,0
BRDA:92,26,0,5
BRDA:93,27,0,0
BRDA:102,28,0,5
BRDA:190,29,0,42
BRDA:195,30,0,7
BRDA:196,31,0,35
BRDA:252,32,0,14
BRDA:282,33,0,49
BRF:34
BRH:10
end_of_record
TN:
SF:src/components/ItineraryPage.jsx
FN:40,PeriodIcon
FN:53,ItineraryPage
FNF:2
FNH:0
FNDA:0,PeriodIcon
FNDA:0,ItineraryPage
DA:1,1
DA:19,1
DA:20,1
DA:21,1
DA:22,1
DA:23,1
DA:24,1
DA:25,1
DA:26,1
DA:27,1
DA:28,1
DA:29,1
DA:30,1
DA:31,1
DA:32,1
DA:33,1
DA:34,1
DA:35,1
DA:36,1
DA:37,1
DA:38,1
DA:40,0
DA:41,0
DA:42,0
DA:43,0
DA:44,0
DA:45,0
DA:47,0
DA:48,0
DA:49,0
DA:51,0
DA:53,0
DA:54,0
DA:55,0
DA:56,0
DA:57,0
DA:58,0
DA:59,0
DA:60,0
DA:61,0
DA:62,0
DA:63,0
DA:64,0
DA:66,0
DA:67,0
DA:68,0
DA:70,0
DA:71,0
DA:72,0
DA:73,0
DA:74,0
DA:75,0
DA:76,0
DA:78,0
DA:79,0
DA:80,0
DA:81,0
DA:82,0
DA:83,0
DA:84,0
DA:85,0
DA:86,0
DA:88,0
DA:89,0
DA:91,0
DA:92,0
DA:94,0
DA:96,0
DA:99,0
DA:100,0
DA:101,0
DA:102,0
DA:103,0
DA:104,0
DA:105,0
DA:106,0
DA:107,0
DA:108,0
DA:109,0
DA:110,0
DA:111,0
DA:113,0
DA:115,0
DA:116,0
DA:117,0
DA:118,0
DA:120,0
DA:121,0
DA:124,0
DA:125,0
DA:126,0
DA:127,0
DA:129,0
DA:130,0
DA:133,0
DA:134,0
DA:136,0
DA:139,0
DA:140,0
DA:141,0
DA:143,0
DA:144,0
DA:145,0
DA:146,0
DA:147,0
DA:150,0
DA:151,0
DA:153,0
DA:154,0
DA:155,0
DA:156,0
DA:158,0
DA:159,0
DA:160,0
DA:161,0
DA:162,0
DA:163,0
DA:165,0
DA:166,0
DA:168,0
DA:169,0
DA:170,0
DA:171,0
DA:172,0
DA:173,0
DA:174,0
DA:175,0
DA:176,0
DA:177,0
DA:179,0
DA:180,0
DA:181,0
DA:182,0
DA:183,0
DA:185,0
DA:186,0
DA:187,0
DA:188,0
DA:189,0
DA:190,0
DA:191,0
DA:192,0
DA:194,0
DA:195,0
DA:196,0
DA:197,0
DA:198,0
DA:199,0
DA:200,0
DA:201,0
DA:202,0
DA:203,0
DA:204,0
DA:205,0
DA:206,0
DA:207,0
DA:208,0
DA:209,0
DA:210,0
DA:211,0
DA:212,0
DA:213,0
DA:214,0
DA:215,0
DA:216,0
DA:217,0
DA:218,0
DA:219,0
DA:220,0
DA:221,0
DA:223,0
DA:224,0
DA:225,0
DA:226,0
DA:227,0
DA:228,0
DA:230,0
DA:231,0
DA:232,0
DA:233,0
DA:234,0
DA:235,0
DA:236,0
DA:237,0
DA:239,0
DA:240,0
DA:243,0
DA:244,0
DA:245,0
DA:246,0
DA:247,0
DA:248,0
DA:250,0
DA:251,0
DA:253,0
DA:255,0
DA:257,0
LF:197
LH:21
BRF:0
BRH:0
end_of_record
TN:
SF:src/components/LightningLaneGuidePage.jsx
FN:18,ExplainerCard
FN:39,LightningLaneGuidePage
FNF:2
FNH:0
FNDA:0,ExplainerCard
FNDA:0,LightningLaneGuidePage
DA:1,1
DA:18,0
DA:19,0
DA:20,0
DA:21,0
DA:22,0
DA:23,0
DA:24,0
DA:25,0
DA:26,0
DA:27,0
DA:28,0
DA:29,0
DA:30,0
DA:31,0
DA:32,0
DA:33,0
DA:34,0
DA:35,0
DA:37,0
DA:39,0
DA:40,0
DA:41,0
DA:42,0
DA:43,0
DA:44,0
DA:45,0
DA:46,0
DA:47,0
DA:48,0
DA:50,0
DA:51,0
DA:52,0
DA:53,0
DA:54,0
DA:55,0
DA:57,0
DA:59,0
DA:60,0
DA:61,0
DA:62,0
DA:63,0
DA:64,0
DA:66,0
DA:67,0
DA:68,0
DA:69,0
DA:71,0
DA:72,0
DA:74,0
DA:75,0
DA:76,0
DA:78,0
DA:79,0
DA:81,0
DA:82,0
DA:85,0
DA:86,0
DA:88,0
DA:89,0
DA:90,0
DA:93,0
DA:94,0
DA:95,0
DA:96,0
DA:97,0
DA:98,0
DA:100,0
DA:101,0
DA:102,0
DA:103,0
DA:106,0
DA:107,0
DA:108,0
DA:109,0
DA:110,0
DA:111,0
DA:112,0
DA:114,0
DA:115,0
DA:116,0
DA:117,0
DA:118,0
DA:119,0
DA:121,0
DA:122,0
DA:125,0
DA:126,0
DA:127,0
DA:128,0
DA:130,0
DA:131,0
DA:134,0
DA:135,0
DA:136,0
DA:137,0
DA:139,0
DA:140,0
DA:143,0
DA:144,0
DA:145,0
DA:146,0
DA:147,0
DA:148,0
DA:149,0
DA:151,0
DA:152,0
DA:153,0
DA:154,0
DA:156,0
DA:157,0
DA:158,0
DA:159,0
DA:161,0
DA:162,0
DA:163,0
DA:164,0
DA:165,0
DA:166,0
DA:168,0
DA:169,0
DA:171,0
DA:172,0
DA:173,0
DA:174,0
DA:175,0
DA:176,0
DA:178,0
DA:179,0
DA:181,0
DA:182,0
DA:183,0
DA:184,0
DA:185,0
DA:186,0
DA:188,0
DA:189,0
DA:191,0
DA:192,0
DA:193,0
DA:194,0
DA:195,0
DA:196,0
DA:197,0
DA:198,0
DA:199,0
DA:200,0
DA:201,0
DA:202,0
DA:204,0
DA:205,0
DA:206,0
DA:207,0
DA:209,0
DA:210,0
DA:211,0
DA:213,0
DA:214,0
DA:215,0
DA:216,0
DA:218,0
DA:219,0
DA:220,0
DA:221,0
DA:222,0
DA:223,0
DA:225,0
DA:226,0
DA:227,0
DA:228,0
DA:230,0
DA:231,0
DA:232,0
DA:233,0
DA:235,0
DA:236,0
DA:237,0
DA:238,0
DA:239,0
DA:240,0
DA:242,0
DA:243,0
DA:244,0
DA:245,0
DA:246,0
DA:247,0
DA:248,0
DA:249,0
DA:251,0
DA:252,0
DA:253,0
DA:254,0
DA:255,0
DA:256,0
DA:257,0
DA:258,0
DA:260,0
DA:261,0
DA:262,0
DA:263,0
DA:264,0
DA:265,0
DA:266,0
DA:267,0
DA:268,0
DA:269,0
DA:270,0
DA:271,0
DA:272,0
DA:273,0
DA:274,0
DA:275,0
DA:276,0
DA:277,0
DA:278,0
DA:279,0
DA:281,0
DA:283,0
DA:284,0
DA:285,0
DA:286,0
DA:287,0
DA:288,0
DA:290,0
DA:291,0
DA:292,0
DA:293,0
DA:294,0
DA:295,0
DA:296,0
DA:297,0
DA:298,0
DA:299,0
DA:300,0
DA:301,0
DA:302,0
DA:303,0
DA:304,0
DA:305,0
DA:306,0
DA:307,0
DA:308,0
DA:309,0
DA:310,0
DA:311,0
DA:312,0
DA:313,0
DA:314,0
DA:315,0
DA:316,0
DA:317,0
DA:318,0
DA:319,0
DA:320,0
DA:321,0
DA:322,0
DA:323,0
DA:325,0
DA:326,0
DA:327,0
DA:328,0
DA:329,0
DA:330,0
DA:331,0
DA:334,0
DA:335,0
DA:336,0
DA:337,0
DA:338,0
DA:339,0
DA:340,0
DA:341,0
DA:342,0
DA:344,0
DA:345,0
DA:346,0
DA:347,0
DA:348,0
DA:349,0
DA:351,0
DA:353,0
LF:281
LH:1
BRF:0
BRH:0
end_of_record
TN:
SF:src/components/MickeyEarAvatar.jsx
FN:4,MickeyEarAvatar
FNF:1
FNH:1
FNDA:3,MickeyEarAvatar
DA:1,1
DA:4,3
DA:5,3
DA:6,3
DA:7,3
DA:8,3
DA:9,3
DA:10,3
DA:11,3
DA:12,3
DA:13,3
DA:14,3
DA:16,3
DA:17,3
DA:18,3
DA:19,3
DA:20,3
DA:21,3
DA:23,3
DA:24,3
DA:25,3
DA:26,3
DA:27,3
DA:29,3
LF:24
LH:24
BRDA:4,0,0,3
BRDA:14,1,0,0
BRF:2
BRH:1
end_of_record
TN:
SF:src/components/PaywallModal.jsx
FN:27,PaywallModal
FNF:1
FNH:0
FNDA:0,PaywallModal
DA:1,1
DA:8,1
DA:9,1
DA:10,1
DA:11,1
DA:12,1
DA:13,1
DA:14,1
DA:15,1
DA:16,1
DA:17,1
DA:18,1
DA:19,1
DA:20,1
DA:21,1
DA:22,1
DA:23,1
DA:24,1
DA:25,1
DA:27,0
DA:28,0
DA:29,0
DA:30,0
DA:31,0
DA:32,0
DA:33,0
DA:34,0
DA:36,0
DA:38,0
DA:39,0
DA:40,0
DA:42,0
DA:43,0
DA:44,0
DA:45,0
DA:46,0
DA:47,0
DA:48,0
DA:49,0
DA:50,0
DA:51,0
DA:52,0
DA:53,0
DA:54,0
DA:55,0
DA:56,0
DA:57,0
DA:58,0
DA:59,0
DA:60,0
DA:61,0
DA:62,0
DA:63,0
DA:64,0
DA:65,0
DA:66,0
DA:67,0
DA:68,0
DA:69,0
DA:70,0
DA:71,0
DA:72,0
DA:73,0
DA:74,0
DA:75,0
DA:76,0
DA:77,0
DA:78,0
DA:79,0
DA:80,0
DA:81,0
DA:82,0
DA:83,0
DA:84,0
DA:86,0
DA:87,0
DA:88,0
DA:89,0
DA:90,0
DA:91,0
DA:92,0
DA:94,0
DA:95,0
DA:96,0
DA:98,0
DA:99,0
DA:100,0
DA:102,0
DA:103,0
DA:104,0
DA:105,0
DA:106,0
DA:107,0
DA:108,0
DA:109,0
DA:110,0
DA:111,0
DA:112,0
DA:113,0
DA:115,0
DA:116,0
DA:118,0
DA:119,0
DA:120,0
DA:121,0
DA:122,0
DA:123,0
DA:125,0
DA:126,0
DA:128,0
DA:129,0
DA:130,0
DA:131,0
DA:132,0
DA:133,0
DA:134,0
DA:135,0
DA:136,0
DA:137,0
DA:139,0
DA:140,0
DA:141,0
DA:144,0
DA:145,0
DA:146,0
DA:148,0
LF:126
LH:19
BRF:0
BRH:0
end_of_record
TN:
SF:src/components/SharedTripPage.jsx
FN:16,SharedTripPage
FNF:1
FNH:0
FNDA:0,SharedTripPage
DA:1,1
DA:12,1
DA:13,1
DA:14,1
DA:16,0
DA:17,0
DA:18,0
DA:19,0
DA:20,0
DA:21,0
DA:23,0
DA:24,0
DA:25,0
DA:26,0
DA:27,0
DA:28,0
DA:29,0
DA:30,0
DA:31,0
DA:32,0
DA:33,0
DA:34,0
DA:35,0
DA:36,0
DA:37,0
DA:38,0
DA:39,0
DA:40,0
DA:41,0
DA:42,0
DA:43,0
DA:44,0
DA:45,0
DA:46,0
DA:47,0
DA:48,0
DA:49,0
DA:50,0
DA:51,0
DA:52,0
DA:53,0
DA:54,0
DA:55,0
DA:56,0
DA:57,0
DA:58,0
DA:59,0
DA:60,0
DA:62,0
DA:63,0
DA:64,0
DA:65,0
DA:66,0
DA:67,0
DA:69,0
DA:71,0
DA:72,0
DA:74,0
DA:75,0
DA:77,0
DA:78,0
DA:80,0
DA:81,0
DA:82,0
DA:83,0
DA:84,0
DA:87,0
DA:88,0
DA:89,0
DA:90,0
DA:92,0
DA:93,0
DA:96,0
DA:97,0
DA:98,0
DA:99,0
DA:100,0
DA:101,0
DA:102,0
DA:103,0
DA:104,0
DA:105,0
DA:106,0
DA:107,0
DA:108,0
DA:109,0
DA:110,0
DA:111,0
DA:113,0
DA:115,0
LF:90
LH:4
BRDA:14,0,0,0
BRF:1
BRH:0
end_of_record
TN:
SF:src/components/TripInfoForm.jsx
FN:1,(empty-report)
FNF:1
FNH:0
FNDA:0,(empty-report)
DA:1,0
DA:13,0
DA:14,0
DA:15,0
DA:16,0
DA:18,0
DA:19,0
DA:20,0
DA:21,0
DA:22,0
DA:23,0
DA:24,0
DA:25,0
DA:26,0
DA:27,0
DA:28,0
DA:29,0
DA:30,0
DA:31,0
DA:32,0
DA:33,0
DA:34,0
DA:35,0
DA:36,0
DA:37,0
DA:38,0
DA:39,0
DA:40,0
DA:41,0
DA:43,0
DA:45,0
DA:46,0
DA:47,0
DA:48,0
DA:49,0
DA:50,0
DA:51,0
DA:53,0
DA:54,0
DA:55,0
DA:56,0
DA:57,0
DA:59,0
DA:60,0
DA:61,0
DA:62,0
DA:63,0
DA:64,0
DA:65,0
DA:67,0
DA:68,0
DA:69,0
DA:70,0
DA:71,0
DA:72,0
DA:73,0
DA:74,0
DA:75,0
DA:76,0
DA:77,0
DA:78,0
DA:79,0
DA:80,0
DA:81,0
DA:82,0
DA:83,0
DA:84,0
DA:85,0
DA:86,0
DA:87,0
DA:88,0
DA:89,0
DA:90,0
DA:91,0
DA:92,0
DA:93,0
DA:95,0
DA:96,0
DA:97,0
DA:98,0
DA:100,0
DA:102,0
DA:103,0
DA:105,0
DA:107,0
DA:108,0
DA:109,0
DA:110,0
DA:111,0
DA:113,0
DA:114,0
DA:115,0
DA:116,0
DA:117,0
DA:118,0
DA:120,0
DA:121,0
DA:122,0
DA:123,0
DA:124,0
DA:126,0
DA:127,0
DA:129,0
DA:130,0
DA:131,0
DA:132,0
DA:133,0
DA:134,0
DA:135,0
DA:136,0
DA:137,0
DA:138,0
DA:139,0
DA:140,0
DA:141,0
DA:142,0
DA:143,0
DA:144,0
DA:145,0
DA:146,0
DA:147,0
DA:150,0
DA:151,0
DA:152,0
DA:153,0
DA:154,0
DA:155,0
DA:156,0
DA:157,0
DA:158,0
DA:159,0
DA:160,0
DA:161,0
DA:162,0
DA:163,0
DA:164,0
DA:165,0
DA:166,0
DA:167,0
DA:168,0
DA:169,0
DA:170,0
DA:171,0
DA:173,0
DA:174,0
DA:175,0
DA:177,0
DA:178,0
DA:179,0
DA:180,0
DA:181,0
DA:182,0
DA:183,0
DA:184,0
DA:185,0
DA:186,0
DA:188,0
DA:189,0
DA:190,0
DA:191,0
DA:192,0
DA:193,0
DA:194,0
DA:195,0
DA:196,0
DA:197,0
DA:200,0
DA:201,0
DA:203,0
DA:204,0
DA:205,0
DA:206,0
DA:207,0
DA:208,0
DA:209,0
DA:211,0
DA:212,0
DA:213,0
DA:214,0
DA:215,0
DA:217,0
DA:219,0
DA:220,0
DA:222,0
LF:184
LH:0
BRDA:1,0,0,0
BRF:1
BRH:0
end_of_record
TN:
SF:src/components/TripSummary.jsx
FN:22,formatDate
FN:36,labelFor
FN:40,parkLabels
FN:46,TripSummary
FNF:4
FNH:0
FNDA:0,formatDate
FNDA:0,labelFor
FNDA:0,parkLabels
FNDA:0,TripSummary
DA:1,1
DA:22,0
DA:23,0
DA:24,0
DA:25,0
DA:26,0
DA:27,0
DA:28,0
DA:29,0
DA:30,0
DA:31,0
DA:32,0
DA:33,0
DA:34,0
DA:36,0
DA:37,0
DA:38,0
DA:40,0
DA:41,0
DA:42,0
DA:43,0
DA:44,0
DA:46,0
DA:47,0
DA:48,0
DA:49,0
DA:50,0
DA:51,0
DA:52,0
DA:53,0
DA:54,0
DA:55,0
DA:56,0
DA:58,0
DA:59,0
DA:61,0
DA:62,0
DA:63,0
DA:64,0
DA:65,0
DA:66,0
DA:68,0
DA:69,0
DA:70,0
DA:71,0
DA:72,0
DA:74,0
DA:75,0
DA:76,0
DA:77,0
DA:78,0
DA:79,0
DA:81,0
DA:82,0
DA:83,0
DA:84,0
DA:85,0
DA:86,0
DA:87,0
DA:88,0
DA:89,0
DA:90,0
DA:91,0
DA:92,0
DA:93,0
DA:94,0
DA:95,0
DA:97,0
DA:98,0
DA:99,0
DA:100,0
DA:101,0
DA:102,0
DA:103,0
DA:104,0
DA:105,0
DA:106,0
DA:107,0
DA:108,0
DA:109,0
DA:110,0
DA:111,0
DA:112,0
DA:113,0
DA:114,0
DA:115,0
DA:116,0
DA:117,0
DA:118,0
DA:119,0
DA:120,0
DA:121,0
DA:122,0
DA:123,0
DA:124,0
DA:125,0
DA:126,0
DA:127,0
DA:128,0
DA:129,0
DA:130,0
DA:131,0
DA:132,0
DA:133,0
DA:134,0
DA:135,0
DA:136,0
DA:137,0
DA:138,0
DA:139,0
DA:140,0
DA:142,0
DA:143,0
DA:144,0
DA:145,0
DA:146,0
DA:147,0
DA:148,0
DA:149,0
DA:150,0
DA:151,0
DA:152,0
DA:153,0
DA:154,0
DA:155,0
DA:156,0
DA:158,0
DA:160,0
DA:162,0
LF:129
LH:1
BRF:0
BRH:0
end_of_record
TN:
SF:src/data/diningAlertRestaurants.js
FNF:0
FNH:0
DA:1,1
DA:2,1
DA:3,1
DA:4,1
DA:5,1
DA:6,1
DA:7,1
DA:8,1
DA:9,1
DA:10,1
DA:11,1
DA:12,1
DA:13,1
DA:14,1
DA:15,1
DA:16,1
DA:17,1
DA:18,1
DA:19,1
DA:20,1
DA:21,1
DA:22,1
DA:23,1
DA:24,1
DA:25,1
DA:26,1
DA:27,1
DA:28,1
DA:29,1
DA:30,1
DA:31,1
DA:32,1
DA:33,1
DA:34,1
DA:35,1
DA:36,1
DA:37,1
DA:38,1
DA:39,1
DA:40,1
DA:41,1
DA:42,1
DA:43,1
DA:44,1
DA:45,1
DA:46,1
DA:47,1
DA:48,1
DA:49,1
DA:50,1
DA:51,1
LF:51
LH:51
BRF:0
BRH:0
end_of_record
TN:
SF:src/ui/Button.jsx
FN:4,Button
FNF:1
FNH:1
FNDA:73,Button
DA:1,1
DA:4,73
DA:5,73
DA:6,73
DA:7,73
DA:8,73
DA:9,73
DA:10,73
DA:11,73
DA:12,73
DA:13,73
DA:14,73
DA:15,73
DA:16,73
DA:17,73
DA:18,73
DA:19,73
DA:20,73
DA:21,73
DA:22,73
DA:23,73
DA:24,73
DA:25,73
DA:27,73
DA:28,73
DA:30,73
LF:26
LH:26
BRDA:4,0,0,73
BRDA:24,1,0,0
BRF:2
BRH:1
end_of_record
TN:
SF:src/ui/CheckboxField.jsx
FN:6,CheckboxField
FNF:1
FNH:1
FNDA:49,CheckboxField
DA:1,1
DA:6,49
DA:7,49
DA:8,49
DA:9,49
DA:10,49
DA:11,49
DA:12,49
DA:13,49
DA:14,49
DA:15,49
DA:16,49
DA:18,49
DA:19,49
DA:20,49
DA:21,49
DA:22,49
DA:23,49
DA:24,49
DA:25,49
DA:27,49
LF:21
LH:21
BRDA:6,0,0,49
BRDA:24,1,0,0
BRF:2
BRH:1
end_of_record
TN:
SF:src/ui/RadioCard.jsx
FN:4,RadioCard
FNF:1
FNH:0
FNDA:0,RadioCard
DA:1,1
DA:4,0
DA:5,0
DA:6,0
DA:7,0
DA:8,0
DA:9,0
DA:10,0
DA:11,0
DA:12,0
DA:13,0
DA:14,0
DA:15,0
DA:16,0
DA:17,0
DA:18,0
DA:20,0
DA:21,0
DA:22,0
DA:23,0
DA:24,0
DA:25,0
DA:26,0
DA:27,0
DA:28,0
DA:29,0
DA:31,0
LF:27
LH:1
BRF:0
BRH:0
end_of_record
TN:
SF:src/ui/SelectField.jsx
FN:11,SelectField
FNF:1
FNH:1
FNDA:7,SelectField
DA:1,1
DA:11,7
DA:12,7
DA:13,7
DA:14,7
DA:15,7
DA:16,7
DA:17,7
DA:18,7
DA:19,7
DA:20,7
DA:21,7
DA:22,7
DA:23,7
DA:24,7
DA:25,7
DA:26,7
DA:27,0
DA:28,7
DA:29,7
DA:30,7
DA:31,7
DA:32,7
DA:33,7
DA:34,7
DA:36,7
DA:37,7
DA:38,7
DA:40,7
LF:29
LH:28
BRDA:11,0,0,7
BRDA:26,1,0,0
BRF:2
BRH:1
end_of_record
TN:
SF:src/ui/TextAreaField.jsx
FN:11,TextAreaField
FNF:1
FNH:1
FNDA:7,TextAreaField
DA:1,1
DA:11,7
DA:12,7
DA:13,7
DA:14,7
DA:15,7
DA:16,7
DA:17,7
DA:18,7
DA:19,7
DA:20,7
DA:21,7
DA:22,7
DA:23,7
DA:24,7
DA:25,7
DA:26,7
DA:27,0
DA:28,7
DA:29,7
DA:30,7
DA:31,7
DA:32,7
DA:33,7
DA:34,7
DA:36,7
LF:26
LH:25
BRDA:11,0,0,7
BRDA:26,1,0,0
BRF:2
BRH:1
end_of_record
TN:
SF:src/ui/TextField.jsx
FN:11,TextField
FNF:1
FNH:1
FNDA:123,TextField
DA:1,1
DA:11,123
DA:12,123
DA:13,123
DA:14,123
DA:15,123
DA:16,123
DA:17,123
DA:18,123
DA:19,123
DA:20,123
DA:21,123
DA:22,123
DA:23,123
DA:24,123
DA:25,80
DA:26,80
DA:27,80
DA:28,43
DA:29,123
DA:30,123
DA:31,123
DA:32,123
DA:33,123
DA:34,123
DA:36,123
LF:26
LH:26
BRDA:11,0,0,123
BRDA:21,1,0,43
BRDA:21,2,0,80
BRDA:24,3,0,80
BRDA:27,4,0,43
BRF:5
BRH:5
end_of_record
TN:
SF:src/ui/fieldStyles.js
FNF:0
FNH:0
DA:1,1
DA:2,1
DA:3,1
DA:4,1
DA:5,1
DA:7,1
DA:8,1
DA:10,1
LF:8
LH:8
BRF:0
BRH:0
end_of_record
TN:
SF:src/ui/index.js
FNF:0
FNH:0
DA:1,1
LF:1
LH:1
BRF:0
BRH:0
end_of_record
