TN:
SF:src/App.jsx
FN:20,getStoredTheme
FN:31,setStoredTheme
FN:42,getStoredUser
FN:55,setStoredUser
FN:70,tripFromApi
FN:96,App
FN:127,toggleTheme
FN:131,handleAuthSuccess
FN:136,handleLogout
FN:202,handleTripSubmit
FN:211,handleDeleteSavedData
FN:231,handleSsePayload
FN:259,handleSubmit
FN:748,onClick
FN:760,onClose
FN:771,onOpenAuth
FN:773,onSkip
FN:778,onEdit
FN:786,onClick
FN:802,onClick
FN:881,onClick
FN:891,onChange
FN:901,onClick
FN:959,onChange
FNF:24
FNH:12
FNDA:5,getStoredTheme
FNDA:5,setStoredTheme
FNDA:5,getStoredUser
FNDA:1,setStoredUser
FNDA:0,tripFromApi
FNDA:50,App
FNDA:0,toggleTheme
FNDA:1,handleAuthSuccess
FNDA:0,handleLogout
FNDA:0,handleTripSubmit
FNDA:0,handleDeleteSavedData
FNDA:2,handleSsePayload
FNDA:1,handleSubmit
FNDA:1,onClick
FNDA:1,onClose
FNDA:0,onOpenAuth
FNDA:3,onSkip
FNDA:0,onEdit
FNDA:0,onClick
FNDA:0,onClick
FNDA:0,onClick
FNDA:0,onChange
FNDA:0,onClick
FNDA:31,onChange
DA:1,1
DA:14,1
DA:15,1
DA:16,1
DA:17,1
DA:18,1
DA:20,5
DA:21,5
DA:22,5
DA:23,5
DA:24,5
DA:25,0
DA:26,5
DA:27,5
DA:28,5
DA:29,5
DA:31,5
DA:32,5
DA:33,5
DA:34,5
DA:35,5
DA:36,5
DA:37,1
DA:38,1
DA:39,5
DA:40,5
DA:42,5
DA:43,5
DA:44,5
DA:45,5
DA:46,5
DA:47,0
DA:48,5
DA:49,0
DA:50,5
DA:51,5
DA:52,4
DA:53,4
DA:55,1
DA:56,1
DA:57,1
DA:58,1
DA:59,1
DA:60,1
DA:61,1
DA:62,1
DA:63,0
DA:64,1
DA:65,1
DA:66,1
DA:67,1
DA:70,0
DA:71,0
DA:72,0
DA:73,0
DA:74,0
DA:75,0
DA:76,0
DA:77,0
DA:78,0
DA:79,0
DA:80,0
DA:81,0
DA:82,0
DA:83,0
DA:84,0
DA:85,0
DA:86,0
DA:87,0
DA:88,0
DA:89,0
DA:90,0
DA:91,0
DA:92,0
DA:93,0
DA:94,0
DA:96,50
DA:97,50
DA:98,50
DA:99,50
DA:100,50
DA:101,50
DA:102,50
DA:103,50
DA:104,50
DA:105,50
DA:106,50
DA:107,50
DA:108,50
DA:109,50
DA:110,50
DA:111,50
DA:112,50
DA:113,50
DA:115,50
DA:116,5
DA:117,5
DA:118,50
DA:120,50
DA:121,8
DA:122,8
DA:123,0
DA:124,0
DA:125,50
DA:127,50
DA:128,0
DA:129,0
DA:131,50
DA:132,1
DA:133,1
DA:134,1
DA:136,50
DA:137,0
DA:138,0
DA:139,0
DA:140,0
DA:141,0
DA:142,0
DA:144,50
DA:145,6
DA:146,1
DA:147,1
DA:148,1
DA:149,1
DA:150,6
DA:151,0
DA:152,0
DA:153,0
DA:154,1
DA:155,0
DA:156,0
DA:157,0
DA:158,0
DA:159,0
DA:160,0
DA:161,6
DA:163,0
DA:164,50
DA:166,50
DA:167,6
DA:168,50
DA:170,50
DA:171,3
DA:172,3
DA:173,3
DA:174,3
DA:175,3
DA:176,3
DA:177,0
DA:178,0
DA:179,0
DA:180,0
DA:181,0
DA:182,0
DA:183,0
DA:184,0
DA:185,0
DA:186,0
DA:187,1
DA:188,0
DA:189,3
DA:190,3
DA:191,3
DA:192,3
DA:193,3
DA:194,50
DA:196,50
DA:197,8
DA:198,3
DA:199,3
DA:200,50
DA:202,50
DA:203,0
DA:204,0
DA:205,0
DA:206,0
DA:207,0
DA:208,0
DA:209,0
DA:211,50
DA:212,0
DA:213,0
DA:214,0
DA:215,0
DA:216,0
DA:217,0
DA:218,0
DA:219,0
DA:220,0
DA:221,0
DA:222,0
DA:223,0
DA:224,0
DA:225,0
DA:226,0
DA:227,0
DA:228,0
DA:231,50
DA:232,2
DA:233,2
DA:234,1
DA:235,1
DA:236,2
DA:237,1
DA:238,1
DA:239,1
DA:240,1
DA:241,1
DA:242,0
DA:243,0
DA:244,0
DA:245,0
DA:246,0
DA:247,0
DA:248,0
DA:249,0
DA:250,0
DA:251,0
DA:252,0
DA:253,0
DA:254,0
DA:255,0
DA:257,2
DA:259,50
DA:260,1
DA:261,1
DA:262,1
DA:263,1
DA:264,1
DA:265,1
DA:266,1
DA:267,1
DA:268,1
DA:269,1
DA:270,1
DA:271,1
DA:272,1
DA:273,1
DA:274,1
DA:275,1
DA:276,1
DA:277,1
DA:278,1
DA:279,1
DA:280,1
DA:281,1
DA:282,1
DA:283,1
DA:284,0
DA:285,0
DA:286,1
DA:287,0
DA:288,0
DA:289,1
DA:290,1
DA:291,1
DA:292,1
DA:293,1
DA:294,1
DA:295,1
DA:296,1
DA:297,0
DA:298,0
DA:299,0
DA:300,0
DA:301,0
DA:302,0
DA:303,0
DA:304,0
DA:305,0
DA:306,0
DA:307,0
DA:308,0
DA:309,0
DA:310,0
DA:311,1
DA:312,0
DA:313,0
DA:314,0
DA:315,0
DA:316,0
DA:317,0
DA:318,0
DA:319,0
DA:320,0
DA:321,0
DA:322,1
DA:323,1
DA:324,0
DA:325,0
DA:326,1
DA:327,1
DA:328,1
DA:329,1
DA:330,2
DA:331,2
DA:332,1
DA:333,1
DA:334,2
DA:335,2
DA:336,2
DA:337,2
DA:338,2
DA:339,2
DA:340,2
DA:341,2
DA:342,2
DA:343,2
DA:344,2
DA:345,2
DA:346,2
DA:348,0
DA:349,2
DA:350,2
DA:351,2
DA:352,1
DA:353,1
DA:354,0
DA:355,0
DA:356,0
DA:357,0
DA:358,0
DA:359,0
DA:360,0
DA:361,0
DA:362,0
DA:363,0
DA:364,0
DA:366,0
DA:367,0
DA:368,0
DA:369,0
DA:370,1
DA:371,1
DA:372,2
DA:373,1
DA:374,0
DA:375,0
DA:376,0
DA:377,0
DA:378,0
DA:379,0
DA:380,0
DA:381,0
DA:382,0
DA:383,0
DA:384,0
DA:385,1
DA:386,0
DA:387,0
DA:388,0
DA:389,0
DA:390,0
DA:391,0
DA:392,0
DA:393,0
DA:394,0
DA:395,0
DA:396,0
DA:397,0
DA:398,0
DA:399,1
DA:400,1
DA:401,1
DA:402,1
DA:404,50
DA:405,50
DA:406,50
DA:407,50
DA:408,50
DA:409,50
DA:410,50
DA:411,50
DA:414,50
DA:415,50
DA:416,50
DA:417,50
DA:418,50
DA:419,50
DA:420,50
DA:421,50
DA:422,50
DA:423,50
DA:424,50
DA:425,50
DA:426,50
DA:427,50
DA:428,50
DA:429,50
DA:430,50
DA:431,50
DA:432,50
DA:433,50
DA:434,50
DA:435,50
DA:436,50
DA:437,50
DA:438,50
DA:439,50
DA:440,50
DA:441,50
DA:442,50
DA:443,50
DA:444,50
DA:445,50
DA:446,50
DA:447,50
DA:448,50
DA:449,50
DA:450,50
DA:452,50
DA:453,50
DA:454,50
DA:455,50
DA:456,50
DA:457,50
DA:458,50
DA:459,50
DA:460,50
DA:461,50
DA:462,50
DA:463,50
DA:464,50
DA:465,50
DA:466,50
DA:467,50
DA:468,50
DA:469,50
DA:470,50
DA:471,50
DA:472,50
DA:473,50
DA:474,50
DA:475,50
DA:476,50
DA:477,50
DA:478,50
DA:479,50
DA:480,50
DA:481,50
DA:482,50
DA:483,50
DA:484,50
DA:485,50
DA:486,50
DA:487,50
DA:488,50
DA:489,50
DA:491,50
DA:492,50
DA:493,50
DA:494,50
DA:495,50
DA:496,50
DA:497,50
DA:498,50
DA:499,50
DA:500,50
DA:501,50
DA:502,50
DA:503,50
DA:504,50
DA:505,50
DA:506,50
DA:507,50
DA:508,50
DA:509,50
DA:510,50
DA:511,50
DA:512,50
DA:513,50
DA:514,50
DA:515,50
DA:516,50
DA:517,50
DA:518,50
DA:519,50
DA:520,50
DA:521,50
DA:522,50
DA:523,50
DA:524,50
DA:525,50
DA:526,50
DA:527,50
DA:528,50
DA:530,50
DA:531,50
DA:532,50
DA:533,50
DA:534,50
DA:535,50
DA:536,50
DA:537,50
DA:538,50
DA:539,50
DA:540,50
DA:541,50
DA:542,50
DA:543,50
DA:544,50
DA:545,50
DA:546,50
DA:547,50
DA:548,50
DA:549,50
DA:550,50
DA:551,50
DA:552,50
DA:553,50
DA:554,50
DA:555,50
DA:556,50
DA:557,50
DA:558,50
DA:559,50
DA:560,50
DA:562,50
DA:563,50
DA:564,50
DA:565,50
DA:566,50
DA:567,50
DA:568,50
DA:569,50
DA:570,50
DA:571,50
DA:572,50
DA:573,50
DA:574,50
DA:575,50
DA:576,50
DA:577,50
DA:578,50
DA:579,50
DA:580,50
DA:581,50
DA:582,50
DA:583,50
DA:584,50
DA:585,50
DA:586,50
DA:587,50
DA:588,50
DA:589,50
DA:590,50
DA:591,50
DA:592,50
DA:593,50
DA:594,50
DA:595,50
DA:596,50
DA:597,50
DA:598,50
DA:599,50
DA:601,50
DA:602,50
DA:603,50
DA:604,50
DA:605,50
DA:606,50
DA:607,50
DA:608,50
DA:609,50
DA:610,50
DA:611,50
DA:612,50
DA:613,50
DA:614,50
DA:615,50
DA:616,50
DA:617,50
DA:618,50
DA:619,50
DA:620,50
DA:621,50
DA:622,50
DA:623,50
DA:624,50
DA:625,50
DA:626,50
DA:627,50
DA:628,50
DA:629,50
DA:630,50
DA:631,50
DA:632,50
DA:633,50
DA:636,50
DA:637,0
DA:638,0
DA:639,0
DA:640,0
DA:641,0
DA:643,0
DA:645,0
DA:646,0
DA:647,0
DA:648,0
DA:649,0
DA:650,0
DA:651,0
DA:652,0
DA:653,0
DA:654,0
DA:655,0
DA:656,0
DA:657,0
DA:658,0
DA:659,0
DA:660,0
DA:661,0
DA:662,0
DA:663,0
DA:664,0
DA:665,0
DA:666,0
DA:667,0
DA:668,0
DA:669,0
DA:670,0
DA:671,0
DA:672,0
DA:673,0
DA:674,0
DA:675,0
DA:676,0
DA:677,0
DA:678,0
DA:679,0
DA:680,0
DA:681,0
DA:682,0
DA:683,0
DA:684,0
DA:685,0
DA:686,0
DA:687,0
DA:688,0
DA:689,0
DA:690,0
DA:691,0
DA:692,0
DA:693,0
DA:694,0
DA:695,0
DA:696,0
DA:697,0
DA:698,0
DA:699,0
DA:700,0
DA:701,0
DA:702,0
DA:703,0
DA:705,0
DA:706,0
DA:708,0
DA:709,0
DA:710,0
DA:713,50
DA:714,50
DA:715,50
DA:716,50
DA:717,50
DA:718,50
DA:719,50
DA:720,50
DA:721,50
DA:722,50
DA:723,50
DA:724,50
DA:725,50
DA:726,0
DA:727,50
DA:729,50
DA:731,50
DA:732,50
DA:733,50
DA:734,1
DA:735,1
DA:736,1
DA:737,1
DA:738,1
DA:739,1
DA:740,1
DA:742,1
DA:743,1
DA:745,49
DA:746,49
DA:747,49
DA:748,49
DA:749,49
DA:751,49
DA:753,50
DA:754,50
DA:755,50
DA:756,50
DA:758,50
DA:759,1
DA:760,1
DA:761,1
DA:762,1
DA:765,50
DA:766,50
DA:767,7
DA:768,7
DA:769,7
DA:770,7
DA:771,7
DA:772,7
DA:773,7
DA:774,7
DA:777,50
DA:778,0
DA:781,50
DA:782,43
DA:783,43
DA:784,43
DA:785,43
DA:786,43
DA:787,43
DA:789,43
DA:791,43
DA:792,43
DA:793,43
DA:794,43
DA:795,43
DA:796,43
DA:797,0
DA:798,0
DA:799,0
DA:800,0
DA:801,0
DA:802,0
DA:803,0
DA:805,0
DA:806,0
DA:807,0
DA:808,0
DA:810,0
DA:811,0
DA:812,0
DA:813,0
DA:815,0
DA:816,0
DA:817,0
DA:819,0
DA:820,0
DA:822,0
DA:823,0
DA:824,0
DA:825,0
DA:826,0
DA:827,0
DA:828,0
DA:829,0
DA:830,0
DA:831,0
DA:832,0
DA:833,0
DA:834,0
DA:835,0
DA:836,0
DA:837,0
DA:838,0
DA:839,0
DA:840,0
DA:841,0
DA:842,0
DA:843,0
DA:844,0
DA:845,0
DA:847,0
DA:849,0
DA:851,43
DA:854,50
DA:855,0
DA:856,0
DA:857,0
DA:858,0
DA:860,0
DA:862,0
DA:863,0
DA:864,0
DA:865,0
DA:866,0
DA:867,0
DA:869,0
DA:870,0
DA:874,0
DA:875,0
DA:876,0
DA:877,0
DA:878,0
DA:879,0
DA:880,0
DA:881,0
DA:882,0
DA:884,0
DA:886,0
DA:887,0
DA:888,0
DA:889,0
DA:890,0
DA:891,0
DA:892,0
DA:893,0
DA:895,0
DA:896,0
DA:897,0
DA:898,0
DA:899,0
DA:900,0
DA:901,0
DA:902,0
DA:903,0
DA:904,0
DA:905,0
DA:907,0
DA:908,0
DA:909,0
DA:910,0
DA:911,0
DA:912,0
DA:914,0
DA:915,0
DA:916,0
DA:917,0
DA:919,0
DA:922,50
DA:923,50
DA:924,40
DA:925,40
DA:926,40
DA:927,40
DA:930,40
DA:931,40
DA:933,50
DA:934,7
DA:935,7
DA:938,7
DA:939,7
DA:941,50
DA:942,6
DA:943,6
DA:944,6
DA:945,6
DA:946,6
DA:947,6
DA:948,50
DA:949,50
DA:950,50
DA:952,50
DA:953,43
DA:954,43
DA:955,43
DA:956,43
DA:957,43
DA:958,43
DA:959,43
DA:960,43
DA:961,43
DA:962,43
DA:963,43
DA:964,43
DA:965,43
DA:966,43
DA:967,43
DA:969,43
DA:970,2
DA:971,2
DA:972,2
DA:973,2
DA:974,2
DA:976,41
DA:978,43
DA:979,43
DA:981,50
DA:982,50
DA:984,50
LF:880
LH:541
BRDA:16,0,0,0
BRDA:20,1,0,5
BRDA:24,2,0,0
BRDA:26,3,0,1
BRDA:26,4,0,0
BRDA:27,5,0,4
BRDA:31,6,0,5
BRDA:36,7,0,1
BRDA:39,8,0,0
BRDA:42,9,0,5
BRDA:46,10,0,0
BRDA:48,11,0,1
BRDA:48,12,0,0
BRDA:50,13,0,0
BRDA:50,14,0,0
BRDA:51,15,0,4
BRDA:55,16,0,1
BRDA:62,17,0,0
BRDA:66,18,0,0
BRDA:96,19,0,50
BRDA:164,20,0,1
BRDA:636,21,0,0
BRDA:725,22,0,0
BRDA:729,23,0,0
BRDA:731,24,0,0
BRDA:733,25,0,1
BRDA:743,26,0,49
BRDA:758,27,0,1
BRDA:766,28,0,7
BRDA:777,29,0,0
BRDA:777,30,0,0
BRDA:781,31,0,43
BRDA:793,32,0,0
BRDA:796,33,0,0
BRDA:854,34,0,43
BRDA:854,35,0,0
BRDA:923,36,0,47
BRDA:923,37,0,40
BRDA:933,38,0,47
BRDA:933,39,0,7
BRDA:952,40,0,43
BRDA:969,41,0,2
BRDA:974,42,0,41
BRDA:108,43,0,5
BRDA:115,44,0,5
BRDA:120,45,0,8
BRDA:122,46,0,0
BRDA:131,47,0,1
BRDA:144,48,0,6
BRDA:145,49,0,1
BRDA:145,50,0,5
BRDA:145,51,0,1
BRDA:150,52,0,0
BRDA:153,53,0,1
BRDA:154,54,0,0
BRDA:161,55,0,0
BRDA:166,56,0,6
BRDA:170,57,0,3
BRDA:174,58,0,0
BRDA:175,59,0,1
BRDA:176,60,0,0
BRDA:186,61,0,1
BRDA:187,62,0,0
BRDA:190,63,0,0
BRDA:196,64,0,8
BRDA:197,65,0,3
BRDA:231,66,0,2
BRDA:232,67,0,0
BRDA:233,68,0,1
BRDA:233,69,0,1
BRDA:241,70,0,0
BRDA:241,71,0,0
BRDA:234,72,0,1
BRDA:235,73,0,2
BRDA:236,74,0,1
BRDA:236,75,0,1
BRDA:237,76,0,1
BRDA:259,77,0,1
BRDA:261,78,0,0
BRDA:281,79,0,0
BRDA:283,80,0,0
BRDA:286,81,0,0
BRDA:286,82,0,0
BRDA:290,83,0,0
BRDA:290,84,0,0
BRDA:296,85,0,0
BRDA:311,86,0,0
BRDA:323,87,0,0
BRDA:329,88,0,2
BRDA:331,89,0,1
BRDA:335,90,0,0
BRDA:339,91,0,0
BRDA:341,92,0,0
BRDA:344,93,0,1
BRDA:346,94,0,0
BRDA:351,95,0,1
BRDA:353,96,0,0
BRDA:373,97,0,0
BRDA:385,98,0,0
BRDA:270,99,0,1
BRDA:279,100,0,1
BRDA:748,101,0,1
BRDA:760,102,0,1
BRDA:773,103,0,3
BRDA:941,104,0,6
BRDA:944,105,0,3
BRDA:944,106,0,3
BRDA:959,107,0,31
BRF:108
BRH:61
end_of_record
TN:
SF:src/MentorWandIcon.jsx
FN:6,MentorWandIcon
FNF:1
FNH:1
FNDA:50,MentorWandIcon
DA:1,1
DA:6,50
DA:7,50
DA:8,50
DA:9,50
DA:10,50
DA:11,50
DA:12,50
DA:13,50
DA:14,50
DA:15,50
DA:16,50
DA:17,50
DA:18,50
DA:21,50
DA:23,50
DA:24,50
DA:25,50
DA:26,50
DA:27,50
DA:29,50
DA:30,50
DA:31,50
DA:32,50
DA:33,50
DA:34,50
DA:35,50
DA:36,50
DA:37,50
DA:38,50
DA:39,50
DA:40,50
DA:41,50
DA:42,50
DA:43,50
DA:44,50
DA:45,50
DA:46,50
DA:47,50
DA:48,50
DA:49,50
DA:50,50
DA:51,50
DA:52,50
DA:53,50
DA:55,50
LF:46
LH:46
BRDA:6,0,0,50
BRF:1
BRH:1
end_of_record
TN:
SF:src/MickeyIcon.jsx
FN:5,MickeyIcon
FNF:1
FNH:1
FNDA:43,MickeyIcon
DA:1,1
DA:5,43
DA:6,43
DA:7,43
DA:8,43
DA:9,43
DA:10,43
DA:11,43
DA:12,43
DA:13,43
DA:15,43
DA:16,43
DA:17,43
DA:18,43
DA:20,43
LF:15
LH:15
BRDA:5,0,0,43
BRF:1
BRH:1
end_of_record
TN:
SF:src/tripInfo.js
FN:6,toTripInfoPayload
FNF:1
FNH:0
FNDA:0,toTripInfoPayload
DA:1,1
DA:2,1
DA:3,1
DA:4,1
DA:5,1
DA:6,1
DA:7,0
DA:8,0
DA:9,0
DA:10,0
DA:11,0
DA:12,0
DA:13,0
DA:14,0
DA:15,0
DA:16,0
DA:17,0
DA:18,0
DA:19,0
DA:20,0
DA:21,0
DA:22,0
DA:23,0
DA:24,0
DA:25,0
DA:26,0
DA:27,0
DA:28,0
DA:29,0
DA:31,1
DA:32,1
DA:33,1
DA:34,1
DA:36,1
DA:37,1
DA:38,1
DA:39,1
DA:40,1
DA:41,1
DA:42,1
DA:44,1
DA:45,1
DA:46,1
DA:47,1
DA:48,1
DA:49,1
DA:50,1
DA:51,1
DA:52,1
DA:53,1
DA:55,1
DA:56,1
DA:57,1
DA:58,1
DA:59,1
DA:61,1
DA:62,1
DA:63,1
DA:64,1
DA:65,1
DA:66,1
DA:68,1
DA:69,1
DA:70,1
DA:71,1
DA:72,1
DA:74,1
DA:75,1
DA:76,1
DA:77,1
DA:78,1
DA:79,1
DA:80,1
DA:81,1
DA:83,1
DA:84,1
DA:85,1
DA:86,1
DA:87,1
DA:88,1
DA:89,1
DA:90,1
DA:92,1
DA:93,1
DA:94,1
DA:95,1
DA:96,1
DA:97,1
DA:98,1
DA:99,1
DA:100,1
DA:101,1
DA:102,1
DA:103,1
DA:105,1
DA:106,1
DA:107,1
DA:108,1
DA:109,1
DA:110,1
DA:112,1
DA:113,1
DA:114,1
DA:115,1
DA:116,1
DA:117,1
LF:106
LH:83
BRF:0
BRH:0
end_of_record
TN:
SF:src/components/AuthModal.jsx
FN:9,AuthModal
FN:23,handleSubmit
FN:110,onClick
FN:121,onChange
FN:132,onChange
FN:176,onClick
FNF:6
FNH:6
FNDA:33,AuthModal
FNDA:1,handleSubmit
FNDA:4,onClick
FNDA:19,onChange
FNDA:11,onChange
FNDA:1,onClick
DA:1,1
DA:9,33
DA:10,33
DA:11,33
DA:12,33
DA:13,33
DA:14,33
DA:16,33
DA:17,33
DA:18,33
DA:20,33
DA:21,33
DA:23,33
DA:24,1
DA:25,1
DA:26,1
DA:27,0
DA:28,0
DA:29,0
DA:30,1
DA:31,0
DA:32,0
DA:33,0
DA:34,1
DA:35,0
DA:36,0
DA:37,0
DA:38,1
DA:39,1
DA:40,1
DA:41,1
DA:42,0
DA:43,1
DA:44,1
DA:45,1
DA:46,1
DA:47,1
DA:48,1
DA:49,1
DA:50,1
DA:51,1
DA:52,1
DA:53,0
DA:54,0
DA:55,0
DA:56,0
DA:57,0
DA:58,0
DA:59,0
DA:60,1
DA:61,0
DA:62,0
DA:63,0
DA:64,0
DA:65,0
DA:66,0
DA:67,0
DA:68,0
DA:69,0
DA:70,0
DA:71,0
DA:72,0
DA:73,0
DA:74,0
DA:75,0
DA:76,0
DA:77,0
DA:78,0
DA:79,0
DA:80,0
DA:81,0
DA:82,0
DA:83,0
DA:84,0
DA:85,1
DA:86,1
DA:87,1
DA:88,0
DA:89,0
DA:90,0
DA:91,0
DA:92,0
DA:93,0
DA:94,0
DA:95,0
DA:96,0
DA:97,1
DA:98,1
DA:99,1
DA:100,1
DA:102,33
DA:103,33
DA:104,33
DA:105,33
DA:106,33
DA:107,33
DA:108,33
DA:110,33
DA:111,33
DA:112,33
DA:113,33
DA:114,33
DA:115,33
DA:117,33
DA:118,33
DA:119,33
DA:120,33
DA:121,33
DA:122,33
DA:123,33
DA:124,33
DA:125,33
DA:126,33
DA:128,33
DA:129,33
DA:130,33
DA:131,33
DA:132,33
DA:133,33
DA:134,33
DA:136,33
DA:137,33
DA:138,33
DA:139,33
DA:140,32
DA:142,33
DA:143,0
DA:144,0
DA:145,0
DA:147,33
DA:148,33
DA:149,33
DA:150,33
DA:151,33
DA:153,33
DA:154,1
DA:155,32
DA:156,1
DA:157,31
DA:158,33
DA:159,33
DA:160,33
DA:161,33
DA:162,33
DA:163,33
DA:164,33
DA:166,33
DA:167,33
DA:168,33
DA:169,33
DA:170,33
DA:171,1
DA:172,32
DA:173,33
DA:174,33
DA:175,33
DA:176,33
DA:177,1
DA:178,1
DA:179,1
DA:181,33
DA:182,33
DA:183,33
DA:184,33
DA:185,33
DA:187,33
LF:166
LH:113
BRDA:9,0,0,33
BRDA:18,1,0,0
BRDA:112,2,0,1
BRDA:112,3,0,32
BRDA:134,4,0,1
BRDA:134,5,0,32
BRDA:139,6,0,32
BRDA:142,7,0,0
BRDA:153,8,0,1
BRDA:154,9,0,32
BRDA:155,10,0,1
BRDA:156,11,0,31
BRDA:170,12,0,1
BRDA:171,13,0,32
BRDA:181,14,0,1
BRDA:181,15,0,32
BRDA:23,16,0,1
BRDA:26,17,0,0
BRDA:30,18,0,0
BRDA:34,19,0,0
BRDA:41,20,0,0
BRDA:52,21,0,0
BRDA:60,22,0,0
BRDA:87,23,0,0
BRDA:110,24,0,4
BRDA:121,25,0,19
BRDA:132,26,0,11
BRDA:176,27,0,1
BRDA:177,28,0,0
BRF:29
BRH:19
end_of_record
TN:
SF:src/components/GetToKnowYou.jsx
FN:23,today
FN:39,GetToKnowYou
FN:88,update
FN:92,next
FN:96,back
FN:100,buildAndSubmit
FN:148,onClick
FN:171,onChange
FN:193,onChange
FN:203,onChange
FN:223,onChange
FN:233,onChange
FN:260,onChange
FN:273,onChange
FN:365,onChange
FN:399,onChange
FN:414,onChange
FN:424,onChange
FN:473,onChange
FN:509,onChange
FN:520,onChange
FN:534,onChange
FN:548,onChange
FN:576,onChange
FN:625,onChange
FNF:25
FNH:1
FNDA:0,today
FNDA:7,GetToKnowYou
FNDA:0,update
FNDA:0,next
FNDA:0,back
FNDA:0,buildAndSubmit
FNDA:0,onClick
FNDA:0,onChange
FNDA:0,onChange
FNDA:0,onChange
FNDA:0,onChange
FNDA:0,onChange
FNDA:0,onChange
FNDA:0,onChange
FNDA:0,onChange
FNDA:0,onChange
FNDA:0,onChange
FNDA:0,onChange
FNDA:0,onChange
FNDA:0,onChange
FNDA:0,onChange
FNDA:0,onChange
FNDA:0,onChange
FNDA:0,onChange
FNDA:0,onChange
DA:1,1
DA:23,1
DA:25,1
DA:26,1
DA:27,1
DA:28,1
DA:29,1
DA:30,1
DA:31,1
DA:32,1
DA:33,1
DA:34,1
DA:35,1
DA:37,1
DA:39,7
DA:40,7
DA:41,7
DA:42,7
DA:43,7
DA:44,7
DA:45,7
DA:46,7
DA:47,7
DA:48,7
DA:49,7
DA:50,5
DA:51,5
DA:52,5
DA:53,5
DA:54,5
DA:55,5
DA:56,5
DA:57,5
DA:58,5
DA:59,5
DA:60,5
DA:61,5
DA:62,5
DA:63,5
DA:64,5
DA:65,5
DA:66,5
DA:67,5
DA:68,5
DA:69,5
DA:70,7
DA:72,7
DA:74,7
DA:75,5
DA:76,0
DA:77,0
DA:78,0
DA:79,0
DA:80,0
DA:81,0
DA:82,0
DA:83,5
DA:84,0
DA:85,0
DA:86,7
DA:88,7
DA:89,0
DA:90,0
DA:92,7
DA:93,0
DA:94,0
DA:96,7
DA:97,0
DA:98,0
DA:100,7
DA:101,0
DA:102,0
DA:103,0
DA:104,0
DA:105,0
DA:106,0
DA:107,0
DA:108,0
DA:109,0
DA:110,0
DA:111,0
DA:112,0
DA:113,0
DA:114,0
DA:115,0
DA:116,0
DA:117,0
DA:118,0
DA:119,0
DA:120,0
DA:121,0
DA:122,0
DA:123,0
DA:124,0
DA:125,0
DA:126,0
DA:127,0
DA:128,0
DA:129,0
DA:130,0
DA:131,0
DA:132,0
DA:133,0
DA:134,0
DA:135,0
DA:137,7
DA:138,7
DA:140,7
DA:141,7
DA:142,7
DA:143,7
DA:144,63
DA:145,63
DA:146,63
DA:147,63
DA:148,63
DA:149,63
DA:150,63
DA:151,63
DA:152,7
DA:153,7
DA:154,7
DA:155,7
DA:156,7
DA:158,7
DA:159,7
DA:160,7
DA:161,7
DA:163,7
DA:164,7
DA:167,7
DA:168,7
DA:169,7
DA:170,7
DA:171,7
DA:173,7
DA:174,14
DA:175,14
DA:176,14
DA:177,7
DA:178,7
DA:179,7
DA:182,7
DA:183,0
DA:184,0
DA:185,0
DA:188,0
DA:189,0
DA:190,0
DA:191,0
DA:192,0
DA:193,0
DA:194,0
DA:196,0
DA:197,0
DA:198,0
DA:200,0
DA:201,0
DA:202,0
DA:203,0
DA:204,0
DA:207,0
DA:208,0
DA:209,0
DA:210,0
DA:211,0
DA:212,0
DA:213,0
DA:215,0
DA:216,0
DA:217,0
DA:219,0
DA:220,0
DA:221,0
DA:222,0
DA:223,0
DA:224,0
DA:225,0
DA:226,0
DA:227,0
DA:229,0
DA:230,0
DA:231,0
DA:232,0
DA:233,0
DA:234,0
DA:235,0
DA:236,0
DA:237,0
DA:239,0
DA:242,7
DA:243,0
DA:244,0
DA:246,0
DA:247,0
DA:250,0
DA:251,0
DA:252,0
DA:254,0
DA:255,0
DA:256,0
DA:257,0
DA:258,0
DA:259,0
DA:260,0
DA:261,0
DA:263,0
DA:264,0
DA:265,0
DA:267,0
DA:268,0
DA:269,0
DA:270,0
DA:271,0
DA:272,0
DA:273,0
DA:274,0
DA:276,0
DA:277,0
DA:278,0
DA:279,0
DA:280,0
DA:281,0
DA:284,0
DA:285,0
DA:286,0
DA:287,0
DA:288,0
DA:289,0
DA:290,0
DA:291,0
DA:292,0
DA:293,0
DA:294,0
DA:295,0
DA:296,0
DA:298,0
DA:299,0
DA:300,0
DA:301,0
DA:302,0
DA:303,0
DA:304,0
DA:305,0
DA:306,0
DA:307,0
DA:308,0
DA:310,0
DA:313,7
DA:314,0
DA:315,0
DA:317,0
DA:318,0
DA:321,0
DA:322,0
DA:323,0
DA:324,0
DA:325,0
DA:326,0
DA:327,0
DA:328,0
DA:329,0
DA:330,0
DA:331,0
DA:332,0
DA:333,0
DA:334,0
DA:336,0
DA:337,0
DA:338,0
DA:339,0
DA:340,0
DA:341,0
DA:342,0
DA:343,0
DA:344,0
DA:345,0
DA:346,0
DA:347,0
DA:348,0
DA:349,0
DA:350,0
DA:351,0
DA:353,0
DA:354,0
DA:355,0
DA:357,0
DA:358,0
DA:359,0
DA:360,0
DA:362,0
DA:363,0
DA:364,0
DA:365,0
DA:367,0
DA:368,0
DA:369,0
DA:370,0
DA:371,0
DA:372,0
DA:373,0
DA:375,0
DA:378,7
DA:379,0
DA:380,0
DA:382,0
DA:383,0
DA:386,0
DA:387,0
DA:388,0
DA:389,0
DA:390,0
DA:391,0
DA:392,0
DA:393,0
DA:395,0
DA:396,0
DA:397,0
DA:398,0
DA:399,0
DA:400,0
DA:402,0
DA:403,0
DA:404,0
DA:405,0
DA:406,0
DA:407,0
DA:408,0
DA:410,0
DA:411,0
DA:412,0
DA:413,0
DA:414,0
DA:415,0
DA:417,0
DA:418,0
DA:419,0
DA:421,0
DA:422,0
DA:423,0
DA:424,0
DA:426,0
DA:427,0
DA:428,0
DA:429,0
DA:430,0
DA:431,0
DA:432,0
DA:433,0
DA:434,0
DA:435,0
DA:436,0
DA:438,0
DA:439,0
DA:442,7
DA:443,0
DA:444,0
DA:446,0
DA:447,0
DA:450,0
DA:451,0
DA:452,0
DA:453,0
DA:454,0
DA:455,0
DA:456,0
DA:457,0
DA:458,0
DA:459,0
DA:460,0
DA:461,0
DA:462,0
DA:463,0
DA:464,0
DA:465,0
DA:466,0
DA:467,0
DA:468,0
DA:470,0
DA:471,0
DA:472,0
DA:473,0
DA:475,0
DA:476,0
DA:477,0
DA:478,0
DA:479,0
DA:480,0
DA:481,0
DA:482,0
DA:483,0
DA:484,0
DA:485,0
DA:486,0
DA:489,0
DA:490,0
DA:493,7
DA:494,0
DA:495,0
DA:496,0
DA:499,0
DA:500,0
DA:502,0
DA:503,0
DA:504,0
DA:505,0
DA:506,0
DA:507,0
DA:508,0
DA:509,0
DA:510,0
DA:511,0
DA:512,0
DA:513,0
DA:514,0
DA:515,0
DA:517,0
DA:518,0
DA:519,0
DA:520,0
DA:522,0
DA:523,0
DA:524,0
DA:525,0
DA:526,0
DA:527,0
DA:528,0
DA:529,0
DA:531,0
DA:532,0
DA:533,0
DA:534,0
DA:536,0
DA:537,0
DA:538,0
DA:539,0
DA:540,0
DA:541,0
DA:542,0
DA:543,0
DA:545,0
DA:546,0
DA:547,0
DA:548,0
DA:550,0
DA:551,0
DA:552,0
DA:553,0
DA:554,0
DA:555,0
DA:556,0
DA:557,0
DA:560,7
DA:561,0
DA:562,0
DA:564,0
DA:565,0
DA:569,0
DA:570,0
DA:572,0
DA:573,0
DA:574,0
DA:575,0
DA:576,0
DA:577,0
DA:578,0
DA:579,0
DA:580,0
DA:583,0
DA:584,0
DA:587,7
DA:588,0
DA:589,0
DA:590,0
DA:591,0
DA:593,0
DA:594,0
DA:595,0
DA:596,0
DA:598,0
DA:599,0
DA:600,0
DA:601,0
DA:602,0
DA:603,0
DA:604,0
DA:606,0
DA:607,0
DA:611,0
DA:612,0
DA:614,0
DA:615,0
DA:616,0
DA:617,0
DA:620,0
DA:621,0
DA:622,0
DA:623,0
DA:624,0
DA:625,0
DA:626,0
DA:627,0
DA:628,0
DA:631,0
DA:632,0
DA:633,0
DA:635,0
DA:636,0
DA:639,0
DA:640,0
DA:641,0
DA:642,0
DA:643,0
DA:644,0
DA:646,0
DA:647,0
DA:649,0
DA:652,7
DA:653,7
DA:654,0
DA:655,0
DA:656,0
DA:657,0
DA:658,0
DA:660,0
DA:662,7
DA:663,7
DA:664,7
DA:665,7
DA:666,7
DA:668,7
DA:669,7
DA:670,7
DA:671,7
DA:673,7
DA:674,7
DA:675,7
DA:676,7
DA:677,7
DA:678,7
DA:680,7
DA:682,7
DA:684,7
LF:543
LH:120
BRDA:39,0,0,7
BRDA:182,1,0,0
BRDA:242,2,0,0
BRDA:313,3,0,0
BRDA:378,4,0,0
BRDA:442,5,0,0
BRDA:493,6,0,0
BRDA:560,7,0,0
BRDA:587,8,0,0
BRDA:653,9,0,0
BRDA:653,10,0,0
BRDA:666,11,0,0
BRDA:668,12,0,0
BRDA:49,13,0,5
BRDA:50,14,0,0
BRDA:51,15,0,0
BRDA:52,16,0,0
BRDA:53,17,0,0
BRDA:54,18,0,0
BRDA:55,19,0,0
BRDA:56,20,0,0
BRDA:57,21,0,0
BRDA:58,22,0,0
BRDA:59,23,0,0
BRDA:60,24,0,0
BRDA:61,25,0,0
BRDA:62,26,0,0
BRDA:63,27,0,0
BRDA:64,28,0,0
BRDA:65,29,0,0
BRDA:66,30,0,0
BRDA:67,31,0,0
BRDA:68,32,0,0
BRDA:74,33,0,5
BRDA:75,34,0,0
BRDA:83,35,0,0
BRDA:143,36,0,63
BRDA:147,37,0,7
BRDA:147,38,0,56
BRDA:173,39,0,14
BRF:40
BRH:7
end_of_record
TN:
SF:src/components/TripInfoForm.jsx
FN:1,(empty-report)
FNF:1
FNH:0
FNDA:0,(empty-report)
DA:1,0
DA:13,0
DA:14,0
DA:15,0
DA:16,0
DA:18,0
DA:19,0
DA:20,0
DA:21,0
DA:22,0
DA:23,0
DA:24,0
DA:25,0
DA:26,0
DA:27,0
DA:28,0
DA:29,0
DA:30,0
DA:31,0
DA:32,0
DA:33,0
DA:34,0
DA:35,0
DA:36,0
DA:37,0
DA:38,0
DA:39,0
DA:40,0
DA:41,0
DA:43,0
DA:45,0
DA:46,0
DA:47,0
DA:48,0
DA:49,0
DA:50,0
DA:51,0
DA:53,0
DA:54,0
DA:55,0
DA:56,0
DA:57,0
DA:59,0
DA:60,0
DA:61,0
DA:62,0
DA:63,0
DA:64,0
DA:65,0
DA:67,0
DA:68,0
DA:69,0
DA:70,0
DA:71,0
DA:72,0
DA:73,0
DA:74,0
DA:75,0
DA:76,0
DA:77,0
DA:78,0
DA:79,0
DA:80,0
DA:81,0
DA:82,0
DA:83,0
DA:84,0
DA:85,0
DA:86,0
DA:87,0
DA:88,0
DA:89,0
DA:90,0
DA:91,0
DA:92,0
DA:93,0
DA:95,0
DA:96,0
DA:97,0
DA:98,0
DA:100,0
DA:102,0
DA:104,0
DA:105,0
DA:106,0
DA:107,0
DA:108,0
DA:110,0
DA:111,0
DA:112,0
DA:113,0
DA:114,0
DA:115,0
DA:116,0
DA:118,0
DA:119,0
DA:120,0
DA:121,0
DA:122,0
DA:123,0
DA:125,0
DA:127,0
DA:128,0
DA:129,0
DA:131,0
DA:132,0
DA:133,0
DA:134,0
DA:135,0
DA:136,0
DA:137,0
DA:138,0
DA:139,0
DA:141,0
DA:142,0
DA:143,0
DA:144,0
DA:145,0
DA:146,0
DA:147,0
DA:148,0
DA:149,0
DA:152,0
DA:153,0
DA:155,0
DA:156,0
DA:157,0
DA:158,0
DA:159,0
DA:160,0
DA:161,0
DA:162,0
DA:163,0
DA:164,0
DA:166,0
DA:167,0
DA:168,0
DA:169,0
DA:170,0
DA:171,0
DA:172,0
DA:173,0
DA:174,0
DA:175,0
DA:177,0
DA:178,0
DA:179,0
DA:180,0
DA:181,0
DA:182,0
DA:183,0
DA:184,0
DA:185,0
DA:186,0
DA:187,0
DA:189,0
DA:190,0
DA:191,0
DA:192,0
DA:193,0
DA:194,0
DA:195,0
DA:196,0
DA:197,0
DA:198,0
DA:199,0
DA:202,0
DA:203,0
DA:205,0
DA:206,0
DA:207,0
DA:208,0
DA:209,0
DA:210,0
DA:212,0
DA:213,0
DA:214,0
DA:215,0
DA:216,0
DA:217,0
DA:218,0
DA:219,0
DA:220,0
DA:221,0
DA:223,0
DA:225,0
DA:226,0
DA:228,0
LF:188
LH:0
BRDA:1,0,0,0
BRF:1
BRH:0
end_of_record
TN:
SF:src/components/TripSummary.jsx
FN:19,formatDate
FN:33,labelFor
FN:37,TripSummary
FNF:3
FNH:0
FNDA:0,formatDate
FNDA:0,labelFor
FNDA:0,TripSummary
DA:1,1
DA:19,0
DA:20,0
DA:21,0
DA:22,0
DA:23,0
DA:24,0
DA:25,0
DA:26,0
DA:27,0
DA:28,0
DA:29,0
DA:30,0
DA:31,0
DA:33,0
DA:34,0
DA:35,0
DA:37,0
DA:38,0
DA:39,0
DA:40,0
DA:41,0
DA:42,0
DA:43,0
DA:44,0
DA:45,0
DA:46,0
DA:47,0
DA:48,0
DA:49,0
DA:50,0
DA:51,0
DA:52,0
DA:53,0
DA:54,0
DA:55,0
DA:56,0
DA:57,0
DA:58,0
DA:59,0
DA:60,0
DA:61,0
DA:62,0
DA:63,0
DA:64,0
DA:65,0
DA:66,0
DA:67,0
DA:68,0
DA:69,0
DA:70,0
DA:71,0
DA:72,0
DA:73,0
DA:74,0
DA:75,0
DA:76,0
DA:77,0
DA:78,0
DA:79,0
DA:80,0
DA:81,0
DA:82,0
DA:83,0
DA:84,0
DA:85,0
DA:86,0
DA:87,0
DA:88,0
DA:89,0
DA:90,0
DA:91,0
DA:92,0
DA:93,0
DA:94,0
DA:96,0
DA:97,0
DA:98,0
DA:99,0
DA:100,0
DA:101,0
DA:102,0
DA:103,0
DA:104,0
DA:105,0
DA:106,0
DA:108,0
DA:110,0
DA:112,0
LF:89
LH:1
BRF:0
BRH:0
end_of_record
